[0.279s] DEBUG:colcon:Command line arguments: ['/usr/bin/colcon', 'build']
[0.279s] DEBUG:colcon:Parsed command line arguments: Namespace(log_base=None, log_level=None, verb_name='build', build_base='build', install_base='install', merge_install=False, symlink_install=False, test_result_base=None, continue_on_error=False, executor='parallel', parallel_workers=4, event_handlers=None, ignore_user_meta=False, metas=['./colcon.meta'], base_paths=['.'], packages_ignore=None, packages_ignore_regex=None, paths=None, packages_up_to=None, packages_up_to_regex=None, packages_above=None, packages_above_and_dependencies=None, packages_above_depth=None, packages_select_by_dep=None, packages_skip_by_dep=None, packages_skip_up_to=None, packages_select_build_failed=False, packages_skip_build_finished=False, packages_select_test_failures=False, packages_skip_test_passed=False, packages_select=None, packages_skip=None, packages_select_regex=None, packages_skip_regex=None, packages_start=None, packages_end=None, allow_overriding=[], cmake_args=None, cmake_target=None, cmake_target_skip_unavailable=False, cmake_clean_cache=False, cmake_clean_first=False, cmake_force_configure=False, ament_cmake_args=None, catkin_cmake_args=None, catkin_skip_building_tests=False, verb_parser=<colcon_defaults.argument_parser.defaults.DefaultArgumentsDecorator object at 0x72e0ce6da710>, verb_extension=<colcon_core.verb.build.BuildVerb object at 0x72e0ce6da200>, main=<bound method BuildVerb.main of <colcon_core.verb.build.BuildVerb object at 0x72e0ce6da200>>)
[0.567s] Level 1:colcon.colcon_core.package_discovery:discover_packages(colcon_meta) check parameters
[0.567s] Level 1:colcon.colcon_core.package_discovery:discover_packages(recursive) check parameters
[0.567s] Level 1:colcon.colcon_core.package_discovery:discover_packages(ignore) check parameters
[0.567s] Level 1:colcon.colcon_core.package_discovery:discover_packages(path) check parameters
[0.567s] Level 1:colcon.colcon_core.package_discovery:discover_packages(colcon_meta) discover
[0.567s] Level 1:colcon.colcon_core.package_discovery:discover_packages(recursive) discover
[0.567s] INFO:colcon.colcon_core.package_discovery:Crawling recursively for packages in '/home/jacklenolee/LRAE_WS'
[0.567s] Level 1:colcon.colcon_core.package_identification:_identify(.) by extensions ['ignore', 'ignore_ament_install']
[0.568s] Level 1:colcon.colcon_core.package_identification:_identify(.) by extension 'ignore'
[0.568s] Level 1:colcon.colcon_core.package_identification:_identify(.) by extension 'ignore_ament_install'
[0.568s] Level 1:colcon.colcon_core.package_identification:_identify(.) by extensions ['colcon_pkg']
[0.568s] Level 1:colcon.colcon_core.package_identification:_identify(.) by extension 'colcon_pkg'
[0.568s] Level 1:colcon.colcon_core.package_identification:_identify(.) by extensions ['colcon_meta']
[0.568s] Level 1:colcon.colcon_core.package_identification:_identify(.) by extension 'colcon_meta'
[0.568s] Level 1:colcon.colcon_core.package_identification:_identify(.) by extensions ['ros']
[0.568s] Level 1:colcon.colcon_core.package_identification:_identify(.) by extension 'ros'
[0.580s] Level 1:colcon.colcon_core.package_identification:_identify(.) by extensions ['cmake', 'python']
[0.580s] Level 1:colcon.colcon_core.package_identification:_identify(.) by extension 'cmake'
[0.580s] Level 1:colcon.colcon_core.package_identification:_identify(.) by extension 'python'
[0.580s] Level 1:colcon.colcon_core.package_identification:_identify(.) by extensions ['python_setup_py']
[0.580s] Level 1:colcon.colcon_core.package_identification:_identify(.) by extension 'python_setup_py'
[0.580s] Level 1:colcon.colcon_core.package_identification:_identify(build) by extensions ['ignore', 'ignore_ament_install']
[0.580s] Level 1:colcon.colcon_core.package_identification:_identify(build) by extension 'ignore'
[0.580s] Level 1:colcon.colcon_core.package_identification:_identify(build) ignored
[0.580s] Level 1:colcon.colcon_core.package_identification:_identify(install) by extensions ['ignore', 'ignore_ament_install']
[0.580s] Level 1:colcon.colcon_core.package_identification:_identify(install) by extension 'ignore'
[0.580s] Level 1:colcon.colcon_core.package_identification:_identify(install) ignored
[0.580s] Level 1:colcon.colcon_core.package_identification:_identify(log) by extensions ['ignore', 'ignore_ament_install']
[0.580s] Level 1:colcon.colcon_core.package_identification:_identify(log) by extension 'ignore'
[0.581s] Level 1:colcon.colcon_core.package_identification:_identify(log) ignored
[0.581s] Level 1:colcon.colcon_core.package_identification:_identify(src) by extensions ['ignore', 'ignore_ament_install']
[0.581s] Level 1:colcon.colcon_core.package_identification:_identify(src) by extension 'ignore'
[0.581s] Level 1:colcon.colcon_core.package_identification:_identify(src) by extension 'ignore_ament_install'
[0.581s] Level 1:colcon.colcon_core.package_identification:_identify(src) by extensions ['colcon_pkg']
[0.581s] Level 1:colcon.colcon_core.package_identification:_identify(src) by extension 'colcon_pkg'
[0.581s] Level 1:colcon.colcon_core.package_identification:_identify(src) by extensions ['colcon_meta']
[0.581s] Level 1:colcon.colcon_core.package_identification:_identify(src) by extension 'colcon_meta'
[0.581s] Level 1:colcon.colcon_core.package_identification:_identify(src) by extensions ['ros']
[0.581s] Level 1:colcon.colcon_core.package_identification:_identify(src) by extension 'ros'
[0.581s] Level 1:colcon.colcon_core.package_identification:_identify(src) by extensions ['cmake', 'python']
[0.581s] Level 1:colcon.colcon_core.package_identification:_identify(src) by extension 'cmake'
[0.581s] Level 1:colcon.colcon_core.package_identification:_identify(src) by extension 'python'
[0.581s] Level 1:colcon.colcon_core.package_identification:_identify(src) by extensions ['python_setup_py']
[0.581s] Level 1:colcon.colcon_core.package_identification:_identify(src) by extension 'python_setup_py'
[0.581s] Level 1:colcon.colcon_core.package_identification:_identify(src/LRAE-ROS2) by extensions ['ignore', 'ignore_ament_install']
[0.581s] Level 1:colcon.colcon_core.package_identification:_identify(src/LRAE-ROS2) by extension 'ignore'
[0.581s] Level 1:colcon.colcon_core.package_identification:_identify(src/LRAE-ROS2) by extension 'ignore_ament_install'
[0.581s] Level 1:colcon.colcon_core.package_identification:_identify(src/LRAE-ROS2) by extensions ['colcon_pkg']
[0.581s] Level 1:colcon.colcon_core.package_identification:_identify(src/LRAE-ROS2) by extension 'colcon_pkg'
[0.581s] Level 1:colcon.colcon_core.package_identification:_identify(src/LRAE-ROS2) by extensions ['colcon_meta']
[0.582s] Level 1:colcon.colcon_core.package_identification:_identify(src/LRAE-ROS2) by extension 'colcon_meta'
[0.582s] Level 1:colcon.colcon_core.package_identification:_identify(src/LRAE-ROS2) by extensions ['ros']
[0.582s] Level 1:colcon.colcon_core.package_identification:_identify(src/LRAE-ROS2) by extension 'ros'
[0.582s] Level 1:colcon.colcon_core.package_identification:_identify(src/LRAE-ROS2) by extensions ['cmake', 'python']
[0.582s] Level 1:colcon.colcon_core.package_identification:_identify(src/LRAE-ROS2) by extension 'cmake'
[0.582s] Level 1:colcon.colcon_core.package_identification:_identify(src/LRAE-ROS2) by extension 'python'
[0.582s] Level 1:colcon.colcon_core.package_identification:_identify(src/LRAE-ROS2) by extensions ['python_setup_py']
[0.582s] Level 1:colcon.colcon_core.package_identification:_identify(src/LRAE-ROS2) by extension 'python_setup_py'
[0.582s] Level 1:colcon.colcon_core.package_identification:_identify(src/LRAE-ROS2/fitplane) by extensions ['ignore', 'ignore_ament_install']
[0.582s] Level 1:colcon.colcon_core.package_identification:_identify(src/LRAE-ROS2/fitplane) by extension 'ignore'
[0.582s] Level 1:colcon.colcon_core.package_identification:_identify(src/LRAE-ROS2/fitplane) by extension 'ignore_ament_install'
[0.582s] Level 1:colcon.colcon_core.package_identification:_identify(src/LRAE-ROS2/fitplane) by extensions ['colcon_pkg']
[0.582s] Level 1:colcon.colcon_core.package_identification:_identify(src/LRAE-ROS2/fitplane) by extension 'colcon_pkg'
[0.582s] Level 1:colcon.colcon_core.package_identification:_identify(src/LRAE-ROS2/fitplane) by extensions ['colcon_meta']
[0.582s] Level 1:colcon.colcon_core.package_identification:_identify(src/LRAE-ROS2/fitplane) by extension 'colcon_meta'
[0.582s] Level 1:colcon.colcon_core.package_identification:_identify(src/LRAE-ROS2/fitplane) by extensions ['ros']
[0.582s] Level 1:colcon.colcon_core.package_identification:_identify(src/LRAE-ROS2/fitplane) by extension 'ros'
[0.586s] DEBUG:colcon.colcon_core.package_identification:Package 'src/LRAE-ROS2/fitplane' with type 'ros.ament_cmake' and name 'fitplane'
[0.586s] Level 1:colcon.colcon_core.package_identification:_identify(src/LRAE-ROS2/gen_local_goal) by extensions ['ignore', 'ignore_ament_install']
[0.586s] Level 1:colcon.colcon_core.package_identification:_identify(src/LRAE-ROS2/gen_local_goal) by extension 'ignore'
[0.586s] Level 1:colcon.colcon_core.package_identification:_identify(src/LRAE-ROS2/gen_local_goal) by extension 'ignore_ament_install'
[0.586s] Level 1:colcon.colcon_core.package_identification:_identify(src/LRAE-ROS2/gen_local_goal) by extensions ['colcon_pkg']
[0.586s] Level 1:colcon.colcon_core.package_identification:_identify(src/LRAE-ROS2/gen_local_goal) by extension 'colcon_pkg'
[0.587s] Level 1:colcon.colcon_core.package_identification:_identify(src/LRAE-ROS2/gen_local_goal) by extensions ['colcon_meta']
[0.587s] Level 1:colcon.colcon_core.package_identification:_identify(src/LRAE-ROS2/gen_local_goal) by extension 'colcon_meta'
[0.587s] Level 1:colcon.colcon_core.package_identification:_identify(src/LRAE-ROS2/gen_local_goal) by extensions ['ros']
[0.587s] Level 1:colcon.colcon_core.package_identification:_identify(src/LRAE-ROS2/gen_local_goal) by extension 'ros'
[0.587s] DEBUG:colcon.colcon_core.package_identification:Package 'src/LRAE-ROS2/gen_local_goal' with type 'ros.catkin' and name 'gen_local_goal'
[0.587s] Level 1:colcon.colcon_core.package_identification:_identify(src/LRAE-ROS2/local_planner) by extensions ['ignore', 'ignore_ament_install']
[0.587s] Level 1:colcon.colcon_core.package_identification:_identify(src/LRAE-ROS2/local_planner) by extension 'ignore'
[0.587s] Level 1:colcon.colcon_core.package_identification:_identify(src/LRAE-ROS2/local_planner) by extension 'ignore_ament_install'
[0.587s] Level 1:colcon.colcon_core.package_identification:_identify(src/LRAE-ROS2/local_planner) by extensions ['colcon_pkg']
[0.587s] Level 1:colcon.colcon_core.package_identification:_identify(src/LRAE-ROS2/local_planner) by extension 'colcon_pkg'
[0.587s] Level 1:colcon.colcon_core.package_identification:_identify(src/LRAE-ROS2/local_planner) by extensions ['colcon_meta']
[0.588s] Level 1:colcon.colcon_core.package_identification:_identify(src/LRAE-ROS2/local_planner) by extension 'colcon_meta'
[0.588s] Level 1:colcon.colcon_core.package_identification:_identify(src/LRAE-ROS2/local_planner) by extensions ['ros']
[0.588s] Level 1:colcon.colcon_core.package_identification:_identify(src/LRAE-ROS2/local_planner) by extension 'ros'
[0.589s] DEBUG:colcon.colcon_core.package_identification:Package 'src/LRAE-ROS2/local_planner' with type 'ros.ament_cmake' and name 'local_planner'
[0.589s] Level 1:colcon.colcon_core.package_identification:_identify(src/LRAE-ROS2/lrae_planner) by extensions ['ignore', 'ignore_ament_install']
[0.589s] Level 1:colcon.colcon_core.package_identification:_identify(src/LRAE-ROS2/lrae_planner) by extension 'ignore'
[0.589s] Level 1:colcon.colcon_core.package_identification:_identify(src/LRAE-ROS2/lrae_planner) by extension 'ignore_ament_install'
[0.589s] Level 1:colcon.colcon_core.package_identification:_identify(src/LRAE-ROS2/lrae_planner) by extensions ['colcon_pkg']
[0.589s] Level 1:colcon.colcon_core.package_identification:_identify(src/LRAE-ROS2/lrae_planner) by extension 'colcon_pkg'
[0.589s] Level 1:colcon.colcon_core.package_identification:_identify(src/LRAE-ROS2/lrae_planner) by extensions ['colcon_meta']
[0.589s] Level 1:colcon.colcon_core.package_identification:_identify(src/LRAE-ROS2/lrae_planner) by extension 'colcon_meta'
[0.589s] Level 1:colcon.colcon_core.package_identification:_identify(src/LRAE-ROS2/lrae_planner) by extensions ['ros']
[0.589s] Level 1:colcon.colcon_core.package_identification:_identify(src/LRAE-ROS2/lrae_planner) by extension 'ros'
[0.590s] DEBUG:colcon.colcon_core.package_identification:Package 'src/LRAE-ROS2/lrae_planner' with type 'ros.catkin' and name 'lrae_planner'
[0.590s] Level 1:colcon.colcon_core.package_identification:_identify(src/LRAE-ROS2/scout_simulator) by extensions ['ignore', 'ignore_ament_install']
[0.590s] Level 1:colcon.colcon_core.package_identification:_identify(src/LRAE-ROS2/scout_simulator) by extension 'ignore'
[0.590s] Level 1:colcon.colcon_core.package_identification:_identify(src/LRAE-ROS2/scout_simulator) by extension 'ignore_ament_install'
[0.590s] Level 1:colcon.colcon_core.package_identification:_identify(src/LRAE-ROS2/scout_simulator) by extensions ['colcon_pkg']
[0.590s] Level 1:colcon.colcon_core.package_identification:_identify(src/LRAE-ROS2/scout_simulator) by extension 'colcon_pkg'
[0.590s] Level 1:colcon.colcon_core.package_identification:_identify(src/LRAE-ROS2/scout_simulator) by extensions ['colcon_meta']
[0.590s] Level 1:colcon.colcon_core.package_identification:_identify(src/LRAE-ROS2/scout_simulator) by extension 'colcon_meta'
[0.590s] Level 1:colcon.colcon_core.package_identification:_identify(src/LRAE-ROS2/scout_simulator) by extensions ['ros']
[0.590s] Level 1:colcon.colcon_core.package_identification:_identify(src/LRAE-ROS2/scout_simulator) by extension 'ros'
[0.590s] Level 1:colcon.colcon_core.package_identification:_identify(src/LRAE-ROS2/scout_simulator) by extensions ['cmake', 'python']
[0.590s] Level 1:colcon.colcon_core.package_identification:_identify(src/LRAE-ROS2/scout_simulator) by extension 'cmake'
[0.590s] Level 1:colcon.colcon_core.package_identification:_identify(src/LRAE-ROS2/scout_simulator) by extension 'python'
[0.590s] Level 1:colcon.colcon_core.package_identification:_identify(src/LRAE-ROS2/scout_simulator) by extensions ['python_setup_py']
[0.591s] Level 1:colcon.colcon_core.package_identification:_identify(src/LRAE-ROS2/scout_simulator) by extension 'python_setup_py'
[0.591s] Level 1:colcon.colcon_core.package_identification:_identify(src/LRAE-ROS2/scout_simulator/image) by extensions ['ignore', 'ignore_ament_install']
[0.591s] Level 1:colcon.colcon_core.package_identification:_identify(src/LRAE-ROS2/scout_simulator/image) by extension 'ignore'
[0.591s] Level 1:colcon.colcon_core.package_identification:_identify(src/LRAE-ROS2/scout_simulator/image) by extension 'ignore_ament_install'
[0.591s] Level 1:colcon.colcon_core.package_identification:_identify(src/LRAE-ROS2/scout_simulator/image) by extensions ['colcon_pkg']
[0.591s] Level 1:colcon.colcon_core.package_identification:_identify(src/LRAE-ROS2/scout_simulator/image) by extension 'colcon_pkg'
[0.591s] Level 1:colcon.colcon_core.package_identification:_identify(src/LRAE-ROS2/scout_simulator/image) by extensions ['colcon_meta']
[0.591s] Level 1:colcon.colcon_core.package_identification:_identify(src/LRAE-ROS2/scout_simulator/image) by extension 'colcon_meta'
[0.591s] Level 1:colcon.colcon_core.package_identification:_identify(src/LRAE-ROS2/scout_simulator/image) by extensions ['ros']
[0.591s] Level 1:colcon.colcon_core.package_identification:_identify(src/LRAE-ROS2/scout_simulator/image) by extension 'ros'
[0.591s] Level 1:colcon.colcon_core.package_identification:_identify(src/LRAE-ROS2/scout_simulator/image) by extensions ['cmake', 'python']
[0.591s] Level 1:colcon.colcon_core.package_identification:_identify(src/LRAE-ROS2/scout_simulator/image) by extension 'cmake'
[0.591s] Level 1:colcon.colcon_core.package_identification:_identify(src/LRAE-ROS2/scout_simulator/image) by extension 'python'
[0.591s] Level 1:colcon.colcon_core.package_identification:_identify(src/LRAE-ROS2/scout_simulator/image) by extensions ['python_setup_py']
[0.591s] Level 1:colcon.colcon_core.package_identification:_identify(src/LRAE-ROS2/scout_simulator/image) by extension 'python_setup_py'
[0.591s] Level 1:colcon.colcon_core.package_identification:_identify(src/LRAE-ROS2/scout_simulator/scout_control) by extensions ['ignore', 'ignore_ament_install']
[0.591s] Level 1:colcon.colcon_core.package_identification:_identify(src/LRAE-ROS2/scout_simulator/scout_control) by extension 'ignore'
[0.591s] Level 1:colcon.colcon_core.package_identification:_identify(src/LRAE-ROS2/scout_simulator/scout_control) by extension 'ignore_ament_install'
[0.592s] Level 1:colcon.colcon_core.package_identification:_identify(src/LRAE-ROS2/scout_simulator/scout_control) by extensions ['colcon_pkg']
[0.592s] Level 1:colcon.colcon_core.package_identification:_identify(src/LRAE-ROS2/scout_simulator/scout_control) by extension 'colcon_pkg'
[0.592s] Level 1:colcon.colcon_core.package_identification:_identify(src/LRAE-ROS2/scout_simulator/scout_control) by extensions ['colcon_meta']
[0.592s] Level 1:colcon.colcon_core.package_identification:_identify(src/LRAE-ROS2/scout_simulator/scout_control) by extension 'colcon_meta'
[0.592s] Level 1:colcon.colcon_core.package_identification:_identify(src/LRAE-ROS2/scout_simulator/scout_control) by extensions ['ros']
[0.592s] Level 1:colcon.colcon_core.package_identification:_identify(src/LRAE-ROS2/scout_simulator/scout_control) by extension 'ros'
[0.592s] DEBUG:colcon.colcon_core.package_identification:Package 'src/LRAE-ROS2/scout_simulator/scout_control' with type 'ros.catkin' and name 'scout_control'
[0.592s] Level 1:colcon.colcon_core.package_identification:_identify(src/LRAE-ROS2/scout_simulator/scout_description) by extensions ['ignore', 'ignore_ament_install']
[0.592s] Level 1:colcon.colcon_core.package_identification:_identify(src/LRAE-ROS2/scout_simulator/scout_description) by extension 'ignore'
[0.593s] Level 1:colcon.colcon_core.package_identification:_identify(src/LRAE-ROS2/scout_simulator/scout_description) by extension 'ignore_ament_install'
[0.593s] Level 1:colcon.colcon_core.package_identification:_identify(src/LRAE-ROS2/scout_simulator/scout_description) by extensions ['colcon_pkg']
[0.593s] Level 1:colcon.colcon_core.package_identification:_identify(src/LRAE-ROS2/scout_simulator/scout_description) by extension 'colcon_pkg'
[0.593s] Level 1:colcon.colcon_core.package_identification:_identify(src/LRAE-ROS2/scout_simulator/scout_description) by extensions ['colcon_meta']
[0.593s] Level 1:colcon.colcon_core.package_identification:_identify(src/LRAE-ROS2/scout_simulator/scout_description) by extension 'colcon_meta'
[0.593s] Level 1:colcon.colcon_core.package_identification:_identify(src/LRAE-ROS2/scout_simulator/scout_description) by extensions ['ros']
[0.593s] Level 1:colcon.colcon_core.package_identification:_identify(src/LRAE-ROS2/scout_simulator/scout_description) by extension 'ros'
[0.593s] DEBUG:colcon.colcon_core.package_identification:Package 'src/LRAE-ROS2/scout_simulator/scout_description' with type 'ros.catkin' and name 'scout_description'
[0.594s] Level 1:colcon.colcon_core.package_identification:_identify(src/LRAE-ROS2/scout_simulator/scout_gazebo_sim) by extensions ['ignore', 'ignore_ament_install']
[0.594s] Level 1:colcon.colcon_core.package_identification:_identify(src/LRAE-ROS2/scout_simulator/scout_gazebo_sim) by extension 'ignore'
[0.594s] Level 1:colcon.colcon_core.package_identification:_identify(src/LRAE-ROS2/scout_simulator/scout_gazebo_sim) by extension 'ignore_ament_install'
[0.594s] Level 1:colcon.colcon_core.package_identification:_identify(src/LRAE-ROS2/scout_simulator/scout_gazebo_sim) by extensions ['colcon_pkg']
[0.594s] Level 1:colcon.colcon_core.package_identification:_identify(src/LRAE-ROS2/scout_simulator/scout_gazebo_sim) by extension 'colcon_pkg'
[0.594s] Level 1:colcon.colcon_core.package_identification:_identify(src/LRAE-ROS2/scout_simulator/scout_gazebo_sim) by extensions ['colcon_meta']
[0.594s] Level 1:colcon.colcon_core.package_identification:_identify(src/LRAE-ROS2/scout_simulator/scout_gazebo_sim) by extension 'colcon_meta'
[0.594s] Level 1:colcon.colcon_core.package_identification:_identify(src/LRAE-ROS2/scout_simulator/scout_gazebo_sim) by extensions ['ros']
[0.594s] Level 1:colcon.colcon_core.package_identification:_identify(src/LRAE-ROS2/scout_simulator/scout_gazebo_sim) by extension 'ros'
[0.595s] DEBUG:colcon.colcon_core.package_identification:Package 'src/LRAE-ROS2/scout_simulator/scout_gazebo_sim' with type 'ros.catkin' and name 'scout_gazebo_sim'
[0.595s] Level 1:colcon.colcon_core.package_identification:_identify(src/LRAE-ROS2/sensor_conversion) by extensions ['ignore', 'ignore_ament_install']
[0.595s] Level 1:colcon.colcon_core.package_identification:_identify(src/LRAE-ROS2/sensor_conversion) by extension 'ignore'
[0.595s] Level 1:colcon.colcon_core.package_identification:_identify(src/LRAE-ROS2/sensor_conversion) by extension 'ignore_ament_install'
[0.595s] Level 1:colcon.colcon_core.package_identification:_identify(src/LRAE-ROS2/sensor_conversion) by extensions ['colcon_pkg']
[0.595s] Level 1:colcon.colcon_core.package_identification:_identify(src/LRAE-ROS2/sensor_conversion) by extension 'colcon_pkg'
[0.595s] Level 1:colcon.colcon_core.package_identification:_identify(src/LRAE-ROS2/sensor_conversion) by extensions ['colcon_meta']
[0.595s] Level 1:colcon.colcon_core.package_identification:_identify(src/LRAE-ROS2/sensor_conversion) by extension 'colcon_meta'
[0.595s] Level 1:colcon.colcon_core.package_identification:_identify(src/LRAE-ROS2/sensor_conversion) by extensions ['ros']
[0.595s] Level 1:colcon.colcon_core.package_identification:_identify(src/LRAE-ROS2/sensor_conversion) by extension 'ros'
[0.596s] DEBUG:colcon.colcon_core.package_identification:Failed to parse potential ROS package manifest in'src/LRAE-ROS2/sensor_conversion': Error(s) in package 'src/LRAE-ROS2/sensor_conversion/package.xml':
Error(s):
- The generic dependency on 'rclcpp' is redundant with: exec_depend
- The generic dependency on 'rclcpp_components' is redundant with: exec_depend
- The generic dependency on 'geometry_msgs' is redundant with: exec_depend
- The generic dependency on 'message_filters' is redundant with: exec_depend
- The generic dependency on 'nav_msgs' is redundant with: exec_depend
- The generic dependency on 'pcl_ros' is redundant with: exec_depend
- The generic dependency on 'sensor_msgs' is redundant with: exec_depend
- The generic dependency on 'std_msgs' is redundant with: exec_depend
- The generic dependency on 'tf2' is redundant with: exec_depend
- The generic dependency on 'tf2_ros' is redundant with: exec_depend
- The generic dependency on 'tf2_geometry_msgs' is redundant with: exec_depend
[0.597s] Level 1:colcon.colcon_core.package_identification:_identify(src/LRAE-ROS2/sensor_conversion) by extensions ['cmake', 'python']
[0.597s] Level 1:colcon.colcon_core.package_identification:_identify(src/LRAE-ROS2/sensor_conversion) by extension 'cmake'
[0.598s] Level 1:colcon.colcon_core.package_identification:_identify(src/LRAE-ROS2/sensor_conversion) by extension 'python'
[0.598s] DEBUG:colcon.colcon_core.package_identification:Package 'src/LRAE-ROS2/sensor_conversion' with type 'cmake' and name 'sensor_conversion'
[0.598s] Level 1:colcon.colcon_core.package_identification:_identify(src/LRAE-ROS2/simworld) by extensions ['ignore', 'ignore_ament_install']
[0.598s] Level 1:colcon.colcon_core.package_identification:_identify(src/LRAE-ROS2/simworld) by extension 'ignore'
[0.598s] Level 1:colcon.colcon_core.package_identification:_identify(src/LRAE-ROS2/simworld) by extension 'ignore_ament_install'
[0.598s] Level 1:colcon.colcon_core.package_identification:_identify(src/LRAE-ROS2/simworld) by extensions ['colcon_pkg']
[0.598s] Level 1:colcon.colcon_core.package_identification:_identify(src/LRAE-ROS2/simworld) by extension 'colcon_pkg'
[0.598s] Level 1:colcon.colcon_core.package_identification:_identify(src/LRAE-ROS2/simworld) by extensions ['colcon_meta']
[0.598s] Level 1:colcon.colcon_core.package_identification:_identify(src/LRAE-ROS2/simworld) by extension 'colcon_meta'
[0.598s] Level 1:colcon.colcon_core.package_identification:_identify(src/LRAE-ROS2/simworld) by extensions ['ros']
[0.598s] Level 1:colcon.colcon_core.package_identification:_identify(src/LRAE-ROS2/simworld) by extension 'ros'
[0.599s] DEBUG:colcon.colcon_core.package_identification:Package 'src/LRAE-ROS2/simworld' with type 'ros.catkin' and name 'simworld'
[0.599s] Level 1:colcon.colcon_core.package_discovery:discover_packages(recursive) using defaults
[0.599s] Level 1:colcon.colcon_core.package_discovery:discover_packages(ignore) discover
[0.599s] Level 1:colcon.colcon_core.package_discovery:discover_packages(ignore) using defaults
[0.599s] Level 1:colcon.colcon_core.package_discovery:discover_packages(path) discover
[0.599s] Level 1:colcon.colcon_core.package_discovery:discover_packages(path) using defaults
[0.634s] Level 1:colcon.colcon_core.package_discovery:discover_packages(prefix_path) check parameters
[0.634s] Level 1:colcon.colcon_core.package_discovery:discover_packages(prefix_path) discover
[0.638s] DEBUG:colcon.colcon_installed_package_information.package_discovery:Found 271 installed packages in /opt/ros/humble
[0.652s] Level 1:colcon.colcon_core.package_discovery:discover_packages(prefix_path) using defaults
[0.688s] Level 5:colcon.colcon_core.verb:set package 'fitplane' build argument 'cmake_args' from command line to 'None'
[0.688s] Level 5:colcon.colcon_core.verb:set package 'fitplane' build argument 'cmake_target' from command line to 'None'
[0.688s] Level 5:colcon.colcon_core.verb:set package 'fitplane' build argument 'cmake_target_skip_unavailable' from command line to 'False'
[0.688s] Level 5:colcon.colcon_core.verb:set package 'fitplane' build argument 'cmake_clean_cache' from command line to 'False'
[0.688s] Level 5:colcon.colcon_core.verb:set package 'fitplane' build argument 'cmake_clean_first' from command line to 'False'
[0.688s] Level 5:colcon.colcon_core.verb:set package 'fitplane' build argument 'cmake_force_configure' from command line to 'False'
[0.688s] Level 5:colcon.colcon_core.verb:set package 'fitplane' build argument 'ament_cmake_args' from command line to 'None'
[0.688s] Level 5:colcon.colcon_core.verb:set package 'fitplane' build argument 'catkin_cmake_args' from command line to 'None'
[0.688s] Level 5:colcon.colcon_core.verb:set package 'fitplane' build argument 'catkin_skip_building_tests' from command line to 'False'
[0.688s] DEBUG:colcon.colcon_core.verb:Building package 'fitplane' with the following arguments: {'ament_cmake_args': None, 'build_base': '/home/jacklenolee/LRAE_WS/build/fitplane', 'catkin_cmake_args': None, 'catkin_skip_building_tests': False, 'cmake_args': None, 'cmake_clean_cache': False, 'cmake_clean_first': False, 'cmake_force_configure': False, 'cmake_target': None, 'cmake_target_skip_unavailable': False, 'install_base': '/home/jacklenolee/LRAE_WS/install/fitplane', 'merge_install': False, 'path': '/home/jacklenolee/LRAE_WS/src/LRAE-ROS2/fitplane', 'symlink_install': False, 'test_result_base': None}
[0.689s] Level 5:colcon.colcon_core.verb:set package 'gen_local_goal' build argument 'cmake_args' from command line to 'None'
[0.689s] Level 5:colcon.colcon_core.verb:set package 'gen_local_goal' build argument 'cmake_target' from command line to 'None'
[0.689s] Level 5:colcon.colcon_core.verb:set package 'gen_local_goal' build argument 'cmake_target_skip_unavailable' from command line to 'False'
[0.689s] Level 5:colcon.colcon_core.verb:set package 'gen_local_goal' build argument 'cmake_clean_cache' from command line to 'False'
[0.689s] Level 5:colcon.colcon_core.verb:set package 'gen_local_goal' build argument 'cmake_clean_first' from command line to 'False'
[0.689s] Level 5:colcon.colcon_core.verb:set package 'gen_local_goal' build argument 'cmake_force_configure' from command line to 'False'
[0.689s] Level 5:colcon.colcon_core.verb:set package 'gen_local_goal' build argument 'ament_cmake_args' from command line to 'None'
[0.689s] Level 5:colcon.colcon_core.verb:set package 'gen_local_goal' build argument 'catkin_cmake_args' from command line to 'None'
[0.689s] Level 5:colcon.colcon_core.verb:set package 'gen_local_goal' build argument 'catkin_skip_building_tests' from command line to 'False'
[0.689s] DEBUG:colcon.colcon_core.verb:Building package 'gen_local_goal' with the following arguments: {'ament_cmake_args': None, 'build_base': '/home/jacklenolee/LRAE_WS/build/gen_local_goal', 'catkin_cmake_args': None, 'catkin_skip_building_tests': False, 'cmake_args': None, 'cmake_clean_cache': False, 'cmake_clean_first': False, 'cmake_force_configure': False, 'cmake_target': None, 'cmake_target_skip_unavailable': False, 'install_base': '/home/jacklenolee/LRAE_WS/install/gen_local_goal', 'merge_install': False, 'path': '/home/jacklenolee/LRAE_WS/src/LRAE-ROS2/gen_local_goal', 'symlink_install': False, 'test_result_base': None}
[0.689s] Level 5:colcon.colcon_core.verb:set package 'local_planner' build argument 'cmake_args' from command line to 'None'
[0.689s] Level 5:colcon.colcon_core.verb:set package 'local_planner' build argument 'cmake_target' from command line to 'None'
[0.689s] Level 5:colcon.colcon_core.verb:set package 'local_planner' build argument 'cmake_target_skip_unavailable' from command line to 'False'
[0.689s] Level 5:colcon.colcon_core.verb:set package 'local_planner' build argument 'cmake_clean_cache' from command line to 'False'
[0.689s] Level 5:colcon.colcon_core.verb:set package 'local_planner' build argument 'cmake_clean_first' from command line to 'False'
[0.689s] Level 5:colcon.colcon_core.verb:set package 'local_planner' build argument 'cmake_force_configure' from command line to 'False'
[0.689s] Level 5:colcon.colcon_core.verb:set package 'local_planner' build argument 'ament_cmake_args' from command line to 'None'
[0.689s] Level 5:colcon.colcon_core.verb:set package 'local_planner' build argument 'catkin_cmake_args' from command line to 'None'
[0.689s] Level 5:colcon.colcon_core.verb:set package 'local_planner' build argument 'catkin_skip_building_tests' from command line to 'False'
[0.689s] DEBUG:colcon.colcon_core.verb:Building package 'local_planner' with the following arguments: {'ament_cmake_args': None, 'build_base': '/home/jacklenolee/LRAE_WS/build/local_planner', 'catkin_cmake_args': None, 'catkin_skip_building_tests': False, 'cmake_args': None, 'cmake_clean_cache': False, 'cmake_clean_first': False, 'cmake_force_configure': False, 'cmake_target': None, 'cmake_target_skip_unavailable': False, 'install_base': '/home/jacklenolee/LRAE_WS/install/local_planner', 'merge_install': False, 'path': '/home/jacklenolee/LRAE_WS/src/LRAE-ROS2/local_planner', 'symlink_install': False, 'test_result_base': None}
[0.690s] Level 5:colcon.colcon_core.verb:set package 'lrae_planner' build argument 'cmake_args' from command line to 'None'
[0.690s] Level 5:colcon.colcon_core.verb:set package 'lrae_planner' build argument 'cmake_target' from command line to 'None'
[0.690s] Level 5:colcon.colcon_core.verb:set package 'lrae_planner' build argument 'cmake_target_skip_unavailable' from command line to 'False'
[0.690s] Level 5:colcon.colcon_core.verb:set package 'lrae_planner' build argument 'cmake_clean_cache' from command line to 'False'
[0.690s] Level 5:colcon.colcon_core.verb:set package 'lrae_planner' build argument 'cmake_clean_first' from command line to 'False'
[0.690s] Level 5:colcon.colcon_core.verb:set package 'lrae_planner' build argument 'cmake_force_configure' from command line to 'False'
[0.690s] Level 5:colcon.colcon_core.verb:set package 'lrae_planner' build argument 'ament_cmake_args' from command line to 'None'
[0.690s] Level 5:colcon.colcon_core.verb:set package 'lrae_planner' build argument 'catkin_cmake_args' from command line to 'None'
[0.690s] Level 5:colcon.colcon_core.verb:set package 'lrae_planner' build argument 'catkin_skip_building_tests' from command line to 'False'
[0.690s] DEBUG:colcon.colcon_core.verb:Building package 'lrae_planner' with the following arguments: {'ament_cmake_args': None, 'build_base': '/home/jacklenolee/LRAE_WS/build/lrae_planner', 'catkin_cmake_args': None, 'catkin_skip_building_tests': False, 'cmake_args': None, 'cmake_clean_cache': False, 'cmake_clean_first': False, 'cmake_force_configure': False, 'cmake_target': None, 'cmake_target_skip_unavailable': False, 'install_base': '/home/jacklenolee/LRAE_WS/install/lrae_planner', 'merge_install': False, 'path': '/home/jacklenolee/LRAE_WS/src/LRAE-ROS2/lrae_planner', 'symlink_install': False, 'test_result_base': None}
[0.690s] Level 5:colcon.colcon_core.verb:set package 'scout_control' build argument 'cmake_args' from command line to 'None'
[0.690s] Level 5:colcon.colcon_core.verb:set package 'scout_control' build argument 'cmake_target' from command line to 'None'
[0.690s] Level 5:colcon.colcon_core.verb:set package 'scout_control' build argument 'cmake_target_skip_unavailable' from command line to 'False'
[0.690s] Level 5:colcon.colcon_core.verb:set package 'scout_control' build argument 'cmake_clean_cache' from command line to 'False'
[0.690s] Level 5:colcon.colcon_core.verb:set package 'scout_control' build argument 'cmake_clean_first' from command line to 'False'
[0.690s] Level 5:colcon.colcon_core.verb:set package 'scout_control' build argument 'cmake_force_configure' from command line to 'False'
[0.690s] Level 5:colcon.colcon_core.verb:set package 'scout_control' build argument 'ament_cmake_args' from command line to 'None'
[0.690s] Level 5:colcon.colcon_core.verb:set package 'scout_control' build argument 'catkin_cmake_args' from command line to 'None'
[0.690s] Level 5:colcon.colcon_core.verb:set package 'scout_control' build argument 'catkin_skip_building_tests' from command line to 'False'
[0.690s] DEBUG:colcon.colcon_core.verb:Building package 'scout_control' with the following arguments: {'ament_cmake_args': None, 'build_base': '/home/jacklenolee/LRAE_WS/build/scout_control', 'catkin_cmake_args': None, 'catkin_skip_building_tests': False, 'cmake_args': None, 'cmake_clean_cache': False, 'cmake_clean_first': False, 'cmake_force_configure': False, 'cmake_target': None, 'cmake_target_skip_unavailable': False, 'install_base': '/home/jacklenolee/LRAE_WS/install/scout_control', 'merge_install': False, 'path': '/home/jacklenolee/LRAE_WS/src/LRAE-ROS2/scout_simulator/scout_control', 'symlink_install': False, 'test_result_base': None}
[0.691s] Level 5:colcon.colcon_core.verb:set package 'scout_description' build argument 'cmake_args' from command line to 'None'
[0.691s] Level 5:colcon.colcon_core.verb:set package 'scout_description' build argument 'cmake_target' from command line to 'None'
[0.691s] Level 5:colcon.colcon_core.verb:set package 'scout_description' build argument 'cmake_target_skip_unavailable' from command line to 'False'
[0.691s] Level 5:colcon.colcon_core.verb:set package 'scout_description' build argument 'cmake_clean_cache' from command line to 'False'
[0.691s] Level 5:colcon.colcon_core.verb:set package 'scout_description' build argument 'cmake_clean_first' from command line to 'False'
[0.691s] Level 5:colcon.colcon_core.verb:set package 'scout_description' build argument 'cmake_force_configure' from command line to 'False'
[0.691s] Level 5:colcon.colcon_core.verb:set package 'scout_description' build argument 'ament_cmake_args' from command line to 'None'
[0.691s] Level 5:colcon.colcon_core.verb:set package 'scout_description' build argument 'catkin_cmake_args' from command line to 'None'
[0.691s] Level 5:colcon.colcon_core.verb:set package 'scout_description' build argument 'catkin_skip_building_tests' from command line to 'False'
[0.691s] DEBUG:colcon.colcon_core.verb:Building package 'scout_description' with the following arguments: {'ament_cmake_args': None, 'build_base': '/home/jacklenolee/LRAE_WS/build/scout_description', 'catkin_cmake_args': None, 'catkin_skip_building_tests': False, 'cmake_args': None, 'cmake_clean_cache': False, 'cmake_clean_first': False, 'cmake_force_configure': False, 'cmake_target': None, 'cmake_target_skip_unavailable': False, 'install_base': '/home/jacklenolee/LRAE_WS/install/scout_description', 'merge_install': False, 'path': '/home/jacklenolee/LRAE_WS/src/LRAE-ROS2/scout_simulator/scout_description', 'symlink_install': False, 'test_result_base': None}
[0.691s] Level 5:colcon.colcon_core.verb:set package 'sensor_conversion' build argument 'cmake_args' from command line to 'None'
[0.691s] Level 5:colcon.colcon_core.verb:set package 'sensor_conversion' build argument 'cmake_target' from command line to 'None'
[0.691s] Level 5:colcon.colcon_core.verb:set package 'sensor_conversion' build argument 'cmake_target_skip_unavailable' from command line to 'False'
[0.691s] Level 5:colcon.colcon_core.verb:set package 'sensor_conversion' build argument 'cmake_clean_cache' from command line to 'False'
[0.691s] Level 5:colcon.colcon_core.verb:set package 'sensor_conversion' build argument 'cmake_clean_first' from command line to 'False'
[0.691s] Level 5:colcon.colcon_core.verb:set package 'sensor_conversion' build argument 'cmake_force_configure' from command line to 'False'
[0.691s] Level 5:colcon.colcon_core.verb:set package 'sensor_conversion' build argument 'ament_cmake_args' from command line to 'None'
[0.691s] Level 5:colcon.colcon_core.verb:set package 'sensor_conversion' build argument 'catkin_cmake_args' from command line to 'None'
[0.691s] Level 5:colcon.colcon_core.verb:set package 'sensor_conversion' build argument 'catkin_skip_building_tests' from command line to 'False'
[0.691s] DEBUG:colcon.colcon_core.verb:Building package 'sensor_conversion' with the following arguments: {'ament_cmake_args': None, 'build_base': '/home/jacklenolee/LRAE_WS/build/sensor_conversion', 'catkin_cmake_args': None, 'catkin_skip_building_tests': False, 'cmake_args': None, 'cmake_clean_cache': False, 'cmake_clean_first': False, 'cmake_force_configure': False, 'cmake_target': None, 'cmake_target_skip_unavailable': False, 'install_base': '/home/jacklenolee/LRAE_WS/install/sensor_conversion', 'merge_install': False, 'path': '/home/jacklenolee/LRAE_WS/src/LRAE-ROS2/sensor_conversion', 'symlink_install': False, 'test_result_base': None}
[0.692s] Level 5:colcon.colcon_core.verb:set package 'simworld' build argument 'cmake_args' from command line to 'None'
[0.692s] Level 5:colcon.colcon_core.verb:set package 'simworld' build argument 'cmake_target' from command line to 'None'
[0.692s] Level 5:colcon.colcon_core.verb:set package 'simworld' build argument 'cmake_target_skip_unavailable' from command line to 'False'
[0.692s] Level 5:colcon.colcon_core.verb:set package 'simworld' build argument 'cmake_clean_cache' from command line to 'False'
[0.692s] Level 5:colcon.colcon_core.verb:set package 'simworld' build argument 'cmake_clean_first' from command line to 'False'
[0.692s] Level 5:colcon.colcon_core.verb:set package 'simworld' build argument 'cmake_force_configure' from command line to 'False'
[0.692s] Level 5:colcon.colcon_core.verb:set package 'simworld' build argument 'ament_cmake_args' from command line to 'None'
[0.692s] Level 5:colcon.colcon_core.verb:set package 'simworld' build argument 'catkin_cmake_args' from command line to 'None'
[0.692s] Level 5:colcon.colcon_core.verb:set package 'simworld' build argument 'catkin_skip_building_tests' from command line to 'False'
[0.692s] DEBUG:colcon.colcon_core.verb:Building package 'simworld' with the following arguments: {'ament_cmake_args': None, 'build_base': '/home/jacklenolee/LRAE_WS/build/simworld', 'catkin_cmake_args': None, 'catkin_skip_building_tests': False, 'cmake_args': None, 'cmake_clean_cache': False, 'cmake_clean_first': False, 'cmake_force_configure': False, 'cmake_target': None, 'cmake_target_skip_unavailable': False, 'install_base': '/home/jacklenolee/LRAE_WS/install/simworld', 'merge_install': False, 'path': '/home/jacklenolee/LRAE_WS/src/LRAE-ROS2/simworld', 'symlink_install': False, 'test_result_base': None}
[0.692s] Level 5:colcon.colcon_core.verb:set package 'scout_gazebo_sim' build argument 'cmake_args' from command line to 'None'
[0.692s] Level 5:colcon.colcon_core.verb:set package 'scout_gazebo_sim' build argument 'cmake_target' from command line to 'None'
[0.692s] Level 5:colcon.colcon_core.verb:set package 'scout_gazebo_sim' build argument 'cmake_target_skip_unavailable' from command line to 'False'
[0.692s] Level 5:colcon.colcon_core.verb:set package 'scout_gazebo_sim' build argument 'cmake_clean_cache' from command line to 'False'
[0.692s] Level 5:colcon.colcon_core.verb:set package 'scout_gazebo_sim' build argument 'cmake_clean_first' from command line to 'False'
[0.692s] Level 5:colcon.colcon_core.verb:set package 'scout_gazebo_sim' build argument 'cmake_force_configure' from command line to 'False'
[0.692s] Level 5:colcon.colcon_core.verb:set package 'scout_gazebo_sim' build argument 'ament_cmake_args' from command line to 'None'
[0.692s] Level 5:colcon.colcon_core.verb:set package 'scout_gazebo_sim' build argument 'catkin_cmake_args' from command line to 'None'
[0.692s] Level 5:colcon.colcon_core.verb:set package 'scout_gazebo_sim' build argument 'catkin_skip_building_tests' from command line to 'False'
[0.692s] DEBUG:colcon.colcon_core.verb:Building package 'scout_gazebo_sim' with the following arguments: {'ament_cmake_args': None, 'build_base': '/home/jacklenolee/LRAE_WS/build/scout_gazebo_sim', 'catkin_cmake_args': None, 'catkin_skip_building_tests': False, 'cmake_args': None, 'cmake_clean_cache': False, 'cmake_clean_first': False, 'cmake_force_configure': False, 'cmake_target': None, 'cmake_target_skip_unavailable': False, 'install_base': '/home/jacklenolee/LRAE_WS/install/scout_gazebo_sim', 'merge_install': False, 'path': '/home/jacklenolee/LRAE_WS/src/LRAE-ROS2/scout_simulator/scout_gazebo_sim', 'symlink_install': False, 'test_result_base': None}
[0.692s] INFO:colcon.colcon_core.executor:Executing jobs using 'parallel' executor
[0.694s] DEBUG:colcon.colcon_parallel_executor.executor.parallel:run_until_complete
[0.694s] INFO:colcon.colcon_ros.task.catkin.build:Building ROS package in '/home/jacklenolee/LRAE_WS/src/LRAE-ROS2/scout_simulator/scout_description' with build type 'catkin'
[0.694s] INFO:colcon.colcon_cmake.task.cmake.build:Building CMake package in '/home/jacklenolee/LRAE_WS/src/LRAE-ROS2/scout_simulator/scout_description'
[0.701s] INFO:colcon.colcon_core.plugin_system:Skipping extension 'colcon_core.shell.bat': Not used on non-Windows systems
[0.701s] INFO:colcon.colcon_core.shell:Skip shell extension 'powershell' for command environment: Not usable outside of PowerShell
[0.701s] DEBUG:colcon.colcon_core.shell:Skip shell extension 'dsv' for command environment
[0.704s] INFO:colcon.colcon_ros.task.ament_cmake.build:Building ROS package in '/home/jacklenolee/LRAE_WS/src/LRAE-ROS2/fitplane' with build type 'ament_cmake'
[0.704s] INFO:colcon.colcon_cmake.task.cmake.build:Building CMake package in '/home/jacklenolee/LRAE_WS/src/LRAE-ROS2/fitplane'
[0.705s] INFO:colcon.colcon_core.shell:Skip shell extension 'powershell' for command environment: Not usable outside of PowerShell
[0.705s] DEBUG:colcon.colcon_core.shell:Skip shell extension 'dsv' for command environment
[0.707s] INFO:colcon.colcon_ros.task.catkin.build:Building ROS package in '/home/jacklenolee/LRAE_WS/src/LRAE-ROS2/gen_local_goal' with build type 'catkin'
[0.707s] INFO:colcon.colcon_cmake.task.cmake.build:Building CMake package in '/home/jacklenolee/LRAE_WS/src/LRAE-ROS2/gen_local_goal'
[0.708s] INFO:colcon.colcon_core.shell:Skip shell extension 'powershell' for command environment: Not usable outside of PowerShell
[0.708s] DEBUG:colcon.colcon_core.shell:Skip shell extension 'dsv' for command environment
[0.711s] INFO:colcon.colcon_ros.task.ament_cmake.build:Building ROS package in '/home/jacklenolee/LRAE_WS/src/LRAE-ROS2/local_planner' with build type 'ament_cmake'
[0.711s] INFO:colcon.colcon_cmake.task.cmake.build:Building CMake package in '/home/jacklenolee/LRAE_WS/src/LRAE-ROS2/local_planner'
[0.711s] INFO:colcon.colcon_core.shell:Skip shell extension 'powershell' for command environment: Not usable outside of PowerShell
[0.711s] DEBUG:colcon.colcon_core.shell:Skip shell extension 'dsv' for command environment
[0.720s] DEBUG:colcon.colcon_core.event_handler.log_command:Invoking command in '/home/jacklenolee/LRAE_WS/build/scout_description': /usr/bin/cmake /home/jacklenolee/LRAE_WS/src/LRAE-ROS2/scout_simulator/scout_description -DCATKIN_INSTALL_INTO_PREFIX_ROOT=0 -DCMAKE_INSTALL_PREFIX=/home/jacklenolee/LRAE_WS/install/scout_description
[0.727s] DEBUG:colcon.colcon_core.event_handler.log_command:Invoking command in '/home/jacklenolee/LRAE_WS/build/fitplane': CMAKE_PREFIX_PATH=/opt/ros/humble /usr/bin/cmake /home/jacklenolee/LRAE_WS/src/LRAE-ROS2/fitplane -DCMAKE_INSTALL_PREFIX=/home/jacklenolee/LRAE_WS/install/fitplane
[0.731s] DEBUG:colcon.colcon_core.event_handler.log_command:Invoking command in '/home/jacklenolee/LRAE_WS/build/gen_local_goal': /usr/bin/cmake /home/jacklenolee/LRAE_WS/src/LRAE-ROS2/gen_local_goal -DCATKIN_INSTALL_INTO_PREFIX_ROOT=0 -DCMAKE_INSTALL_PREFIX=/home/jacklenolee/LRAE_WS/install/gen_local_goal
[0.735s] DEBUG:colcon.colcon_core.event_handler.log_command:Invoking command in '/home/jacklenolee/LRAE_WS/build/local_planner': CMAKE_PREFIX_PATH=/opt/ros/humble /usr/bin/cmake /home/jacklenolee/LRAE_WS/src/LRAE-ROS2/local_planner -DCMAKE_INSTALL_PREFIX=/home/jacklenolee/LRAE_WS/install/local_planner
[1.484s] DEBUG:colcon.colcon_core.event_handler.log_command:Invoked command in '/home/jacklenolee/LRAE_WS/build/scout_description' returned '1': /usr/bin/cmake /home/jacklenolee/LRAE_WS/src/LRAE-ROS2/scout_simulator/scout_description -DCATKIN_INSTALL_INTO_PREFIX_ROOT=0 -DCMAKE_INSTALL_PREFIX=/home/jacklenolee/LRAE_WS/install/scout_description
[1.503s] Level 1:colcon.colcon_core.environment:create_environment_scripts_only(scout_description)
[1.511s] Level 1:colcon.colcon_core.environment:checking '/home/jacklenolee/LRAE_WS/install/scout_description' for CMake module files
[1.511s] Level 1:colcon.colcon_core.environment:checking '/home/jacklenolee/LRAE_WS/install/scout_description' for CMake config files
[1.512s] Level 1:colcon.colcon_core.environment:checking '/home/jacklenolee/LRAE_WS/install/scout_description/bin'
[1.512s] Level 1:colcon.colcon_core.environment:checking '/home/jacklenolee/LRAE_WS/install/scout_description/lib/pkgconfig/scout_description.pc'
[1.512s] Level 1:colcon.colcon_core.environment:checking '/home/jacklenolee/LRAE_WS/install/scout_description/lib/python3.10/site-packages'
[1.512s] Level 1:colcon.colcon_core.environment:checking '/home/jacklenolee/LRAE_WS/install/scout_description/bin'
[1.512s] INFO:colcon.colcon_core.shell:Creating package script '/home/jacklenolee/LRAE_WS/install/scout_description/share/scout_description/package.ps1'
[1.514s] INFO:colcon.colcon_core.shell:Creating package descriptor '/home/jacklenolee/LRAE_WS/install/scout_description/share/scout_description/package.dsv'
[1.515s] INFO:colcon.colcon_core.shell:Creating package script '/home/jacklenolee/LRAE_WS/install/scout_description/share/scout_description/package.sh'
[1.516s] INFO:colcon.colcon_core.shell:Creating package script '/home/jacklenolee/LRAE_WS/install/scout_description/share/scout_description/package.bash'
[1.517s] INFO:colcon.colcon_core.shell:Creating package script '/home/jacklenolee/LRAE_WS/install/scout_description/share/scout_description/package.zsh'
[1.518s] Level 1:colcon.colcon_core.environment:create_file_with_runtime_dependencies(/home/jacklenolee/LRAE_WS/install/scout_description/share/colcon-core/packages/scout_description)
[5.302s] DEBUG:colcon.colcon_parallel_executor.executor.parallel:closing loop
[5.302s] DEBUG:colcon.colcon_parallel_executor.executor.parallel:loop closed
[5.303s] DEBUG:colcon.colcon_parallel_executor.executor.parallel:run_until_complete finished with '1'
[5.303s] DEBUG:colcon.colcon_core.event_reactor:joining thread
[5.313s] INFO:colcon.colcon_core.plugin_system:Skipping extension 'colcon_notification.desktop_notification.terminal_notifier': Not used on non-Darwin systems
[5.313s] INFO:colcon.colcon_core.plugin_system:Skipping extension 'colcon_notification.desktop_notification.win32': Not used on non-Windows systems
[5.313s] INFO:colcon.colcon_notification.desktop_notification:Sending desktop notification using 'notify2'
[5.331s] DEBUG:colcon.colcon_core.event_reactor:joined thread
[5.332s] INFO:colcon.colcon_core.shell:Creating prefix script '/home/jacklenolee/LRAE_WS/install/local_setup.ps1'
[5.333s] INFO:colcon.colcon_core.shell:Creating prefix util module '/home/jacklenolee/LRAE_WS/install/_local_setup_util_ps1.py'
[5.334s] INFO:colcon.colcon_core.shell:Creating prefix chain script '/home/jacklenolee/LRAE_WS/install/setup.ps1'
[5.338s] INFO:colcon.colcon_core.shell:Creating prefix script '/home/jacklenolee/LRAE_WS/install/local_setup.sh'
[5.339s] INFO:colcon.colcon_core.shell:Creating prefix util module '/home/jacklenolee/LRAE_WS/install/_local_setup_util_sh.py'
[5.339s] INFO:colcon.colcon_core.shell:Creating prefix chain script '/home/jacklenolee/LRAE_WS/install/setup.sh'
[5.341s] INFO:colcon.colcon_core.shell:Creating prefix script '/home/jacklenolee/LRAE_WS/install/local_setup.bash'
[5.341s] INFO:colcon.colcon_core.shell:Creating prefix chain script '/home/jacklenolee/LRAE_WS/install/setup.bash'
[5.343s] INFO:colcon.colcon_core.shell:Creating prefix script '/home/jacklenolee/LRAE_WS/install/local_setup.zsh'
[5.344s] INFO:colcon.colcon_core.shell:Creating prefix chain script '/home/jacklenolee/LRAE_WS/install/setup.zsh'
