[0.023s] Invoking command in '/home/jacklenolee/LRAE_WS/build/local_planner': CMAKE_PREFIX_PATH=/opt/ros/humble /usr/bin/cmake /home/jacklenolee/LRAE_WS/src/LRAE-ROS2/local_planner -DCMAKE_INSTALL_PREFIX=/home/jacklenolee/LRAE_WS/install/local_planner
[0.250s] -- The C compiler identification is GNU 11.4.0
[0.450s] -- The CXX compiler identification is GNU 11.4.0
[0.466s] -- Detecting C compiler ABI info
[0.588s] -- Detecting C compiler ABI info - done
[0.596s] -- Check for working C compiler: /usr/bin/cc - skipped
[0.596s] -- Detecting C compile features
[0.596s] -- Detecting C compile features - done
[0.600s] -- Detecting CXX compiler ABI info
[0.756s] -- Detecting CXX compiler ABI info - done
[0.767s] -- Check for working CXX compiler: /usr/bin/c++ - skipped
[0.767s] -- Detecting CXX compile features
[0.767s] -- Detecting CXX compile features - done
[0.779s] -- Found ament_cmake: 1.3.11 (/opt/ros/humble/share/ament_cmake/cmake)
[0.951s] -- Found Python3: /usr/bin/python3 (found version "3.10.12") found components: Interpreter 
[1.073s] -- Found rclcpp: 16.0.11 (/opt/ros/humble/share/rclcpp/cmake)
[1.143s] -- Found rosidl_generator_c: 3.1.6 (/opt/ros/humble/share/rosidl_generator_c/cmake)
[1.152s] -- Found rosidl_adapter: 3.1.6 (/opt/ros/humble/share/rosidl_adapter/cmake)
[1.165s] -- Found rosidl_generator_cpp: 3.1.6 (/opt/ros/humble/share/rosidl_generator_cpp/cmake)
[1.186s] -- Using all available rosidl_typesupport_c: rosidl_typesupport_fastrtps_c;rosidl_typesupport_introspection_c
[1.207s] -- Using all available rosidl_typesupport_cpp: rosidl_typesupport_fastrtps_cpp;rosidl_typesupport_introspection_cpp
[1.275s] -- Found rmw_implementation_cmake: 6.1.2 (/opt/ros/humble/share/rmw_implementation_cmake/cmake)
[1.280s] -- Found rmw_fastrtps_cpp: 6.2.7 (/opt/ros/humble/share/rmw_fastrtps_cpp/cmake)
[1.406s] -- Found OpenSSL: /usr/lib/x86_64-linux-gnu/libcrypto.so (found version "3.0.2")  
[1.436s] -- Found FastRTPS: /opt/ros/humble/include  
[1.484s] -- Using RMW implementation 'rmw_fastrtps_cpp' as default
[1.493s] -- Looking for pthread.h
[1.632s] -- Looking for pthread.h - found
[1.632s] -- Performing Test CMAKE_HAVE_LIBC_PTHREAD
[1.820s] -- Performing Test CMAKE_HAVE_LIBC_PTHREAD - Success
[1.821s] -- Found Threads: TRUE  
[1.879s] -- Found nav_msgs: 4.2.4 (/opt/ros/humble/share/nav_msgs/cmake)
[1.920s] -- Found sensor_msgs: 4.2.4 (/opt/ros/humble/share/sensor_msgs/cmake)
[1.946s] -- Found tf2_ros: 0.25.11 (/opt/ros/humble/share/tf2_ros/cmake)
[2.047s] -- Found tf2_geometry_msgs: 0.25.11 (/opt/ros/humble/share/tf2_geometry_msgs/cmake)
[2.065s] -- Found eigen3_cmake_module: 0.1.1 (/opt/ros/humble/share/eigen3_cmake_module/cmake)
[2.068s] -- Found Eigen3: TRUE (found version "3.4.0") 
[2.068s] -- Ensuring Eigen3 include directory is part of orocos-kdl CMake target
[2.070s] -- Found pcl_conversions: 2.4.5 (/opt/ros/humble/share/pcl_conversions/cmake)
[2.114s] -- Checking for module 'eigen3'
[2.133s] --   Found eigen3, version 3.4.0
[2.188s] -- Found Eigen: /usr/include/eigen3 (Required is at least version "3.1") 
[2.188s] -- Eigen found (include: /usr/include/eigen3, version: 3.4.0)
[2.222s] -- Checking for module 'flann'
[2.241s] --   Found flann, version 1.9.1
[2.306s] -- Found FLANN: /usr/lib/x86_64-linux-gnu/libflann_cpp.so  
[2.307s] -- FLANN found (include: /usr/include, lib: /usr/lib/x86_64-linux-gnu/libflann_cpp.so)
[3.492s] -- Checking for module 'libusb-1.0'
[3.512s] --   Found libusb-1.0, version 1.0.25
[3.566s] -- Found libusb: /usr/lib/x86_64-linux-gnu/libusb-1.0.so  
[3.567s] -- OpenNI found (version: 1.5.4.0, include: /usr/include/ni, lib: /usr/lib/libOpenNI.so;libusb::libusb)
[3.653s] -- OpenNI2 found (version: 2.2.0.33, include: /usr/include/openni2, lib: /usr/lib/x86_64-linux-gnu/libOpenNI2.so;libusb::libusb)
[3.810s] -- Eigen found (include: /usr/include/eigen3, version: 3.4.0)
[3.818s] -- OpenNI found (version: 1.5.4.0, include: /usr/include/ni, lib: /usr/lib/libOpenNI.so;libusb::libusb)
[3.827s] -- OpenNI2 found (version: 2.2.0.33, include: /usr/include/openni2, lib: /usr/lib/x86_64-linux-gnu/libOpenNI2.so;libusb::libusb)
[3.981s] -- Found Qhull version 8.0.2
[4.143s] -- OpenNI found (version: 1.5.4.0, include: /usr/include/ni, lib: /usr/lib/libOpenNI.so;libusb::libusb)
[4.298s] -- Found PCL_COMMON: /usr/lib/x86_64-linux-gnu/libpcl_common.so  
[4.299s] -- Found PCL_KDTREE: /usr/lib/x86_64-linux-gnu/libpcl_kdtree.so  
[4.300s] -- Found PCL_OCTREE: /usr/lib/x86_64-linux-gnu/libpcl_octree.so  
[4.301s] -- Found PCL_SEARCH: /usr/lib/x86_64-linux-gnu/libpcl_search.so  
[4.302s] -- Found PCL_SAMPLE_CONSENSUS: /usr/lib/x86_64-linux-gnu/libpcl_sample_consensus.so  
[4.303s] -- Found PCL_FILTERS: /usr/lib/x86_64-linux-gnu/libpcl_filters.so  
[4.303s] -- Found PCL_2D: /usr/include/pcl-1.12  
[4.303s] -- Found PCL_GEOMETRY: /usr/include/pcl-1.12  
[4.304s] -- Found PCL_IO: /usr/lib/x86_64-linux-gnu/libpcl_io.so  
[4.306s] -- Found PCL_FEATURES: /usr/lib/x86_64-linux-gnu/libpcl_features.so  
[4.307s] -- Found PCL_ML: /usr/lib/x86_64-linux-gnu/libpcl_ml.so  
[4.309s] -- Found PCL_SEGMENTATION: /usr/lib/x86_64-linux-gnu/libpcl_segmentation.so  
[4.310s] -- Found PCL_VISUALIZATION: /usr/lib/x86_64-linux-gnu/libpcl_visualization.so  
[4.311s] -- Found PCL_SURFACE: /usr/lib/x86_64-linux-gnu/libpcl_surface.so  
[4.313s] -- Found PCL_REGISTRATION: /usr/lib/x86_64-linux-gnu/libpcl_registration.so  
[4.314s] -- Found PCL_KEYPOINTS: /usr/lib/x86_64-linux-gnu/libpcl_keypoints.so  
[4.315s] -- Found PCL_TRACKING: /usr/lib/x86_64-linux-gnu/libpcl_tracking.so  
[4.317s] -- Found PCL_RECOGNITION: /usr/lib/x86_64-linux-gnu/libpcl_recognition.so  
[4.318s] -- Found PCL_STEREO: /usr/lib/x86_64-linux-gnu/libpcl_stereo.so  
[4.319s] -- Found PCL_APPS: /usr/lib/x86_64-linux-gnu/libpcl_apps.so  
[4.320s] -- Found PCL_IN_HAND_SCANNER: /usr/include/pcl-1.12  
[4.321s] -- Found PCL_MODELER: /usr/include/pcl-1.12  
[4.324s] -- Found PCL_POINT_CLOUD_EDITOR: /usr/include/pcl-1.12  
[4.324s] -- Found PCL_OUTOFCORE: /usr/lib/x86_64-linux-gnu/libpcl_outofcore.so  
[4.324s] -- Found PCL_PEOPLE: /usr/lib/x86_64-linux-gnu/libpcl_people.so  
[4.339s] -- Configuring incomplete, errors occurred!
[4.340s] See also "/home/jacklenolee/LRAE_WS/build/local_planner/CMakeFiles/CMakeOutput.log".
[4.340s] [31mCMake Error at CMakeLists.txt:29 (find_package):
[4.340s]   By not providing "Findpcl_ros.cmake" in CMAKE_MODULE_PATH this project has
[4.340s]   asked CMake to find a package configuration file provided by "pcl_ros", but
[4.340s]   CMake did not find one.
[4.340s] 
[4.340s]   Could not find a package configuration file provided by "pcl_ros" with any
[4.340s]   of the following names:
[4.340s] 
[4.340s]     pcl_rosConfig.cmake
[4.340s]     pcl_ros-config.cmake
[4.340s] 
[4.340s]   Add the installation prefix of "pcl_ros" to CMAKE_PREFIX_PATH or set
[4.340s]   "pcl_ros_DIR" to a directory containing one of the above files.  If
[4.340s]   "pcl_ros" provides a separate development package or SDK, be sure it has
[4.341s]   been installed.
[4.341s] 
[4.341s] [0m
