[0.020s] Invoking command in '/home/jacklenolee/LRAE_WS/build/sensor_conversion': /usr/bin/cmake /home/jacklenolee/LRAE_WS/src/LRAE-ROS2/sensor_conversion -DCMAKE_INSTALL_PREFIX=/home/jacklenolee/LRAE_WS/install/sensor_conversion
[0.216s] -- The C compiler identification is GNU 11.4.0
[0.377s] -- The CXX compiler identification is GNU 11.4.0
[0.398s] -- Detecting C compiler ABI info
[0.553s] -- Detecting C compiler ABI info - done
[0.567s] -- Check for working C compiler: /usr/bin/cc - skipped
[0.568s] -- Detecting C compile features
[0.573s] -- Detecting C compile features - done
[0.580s] -- Detecting CXX compiler ABI info
[0.715s] -- Detecting CXX compiler ABI info - done
[0.722s] -- Check for working CXX compiler: /usr/bin/c++ - skipped
[0.722s] -- Detecting CXX compile features
[0.722s] -- Detecting CXX compile features - done
[0.732s] -- Found ament_cmake: 1.3.11 (/opt/ros/humble/share/ament_cmake/cmake)
[0.960s] -- Found Python3: /usr/bin/python3 (found version "3.10.12") found components: Interpreter 
[1.127s] -- Found message_filters: 4.3.5 (/opt/ros/humble/share/message_filters/cmake)
[1.239s] -- Found rosidl_generator_c: 3.1.6 (/opt/ros/humble/share/rosidl_generator_c/cmake)
[1.249s] -- Found rosidl_adapter: 3.1.6 (/opt/ros/humble/share/rosidl_adapter/cmake)
[1.267s] -- Found rosidl_generator_cpp: 3.1.6 (/opt/ros/humble/share/rosidl_generator_cpp/cmake)
[1.295s] -- Using all available rosidl_typesupport_c: rosidl_typesupport_fastrtps_c;rosidl_typesupport_introspection_c
[1.322s] -- Using all available rosidl_typesupport_cpp: rosidl_typesupport_fastrtps_cpp;rosidl_typesupport_introspection_cpp
[1.421s] -- Found rmw_implementation_cmake: 6.1.2 (/opt/ros/humble/share/rmw_implementation_cmake/cmake)
[1.428s] -- Found rmw_fastrtps_cpp: 6.2.7 (/opt/ros/humble/share/rmw_fastrtps_cpp/cmake)
[1.607s] -- Found OpenSSL: /usr/lib/x86_64-linux-gnu/libcrypto.so (found version "3.0.2")  
[1.646s] -- Found FastRTPS: /opt/ros/humble/include  
[1.696s] -- Using RMW implementation 'rmw_fastrtps_cpp' as default
[1.715s] -- Looking for pthread.h
[1.837s] -- Looking for pthread.h - found
[1.840s] -- Performing Test CMAKE_HAVE_LIBC_PTHREAD
[1.962s] -- Performing Test CMAKE_HAVE_LIBC_PTHREAD - Success
[1.963s] -- Found Threads: TRUE  
[2.062s] -- Found geometry_msgs: 4.2.4 (/opt/ros/humble/share/geometry_msgs/cmake)
[2.088s] -- Found nav_msgs: 4.2.4 (/opt/ros/humble/share/nav_msgs/cmake)
[2.127s] -- Configuring incomplete, errors occurred!
[2.127s] See also "/home/jacklenolee/LRAE_WS/build/sensor_conversion/CMakeFiles/CMakeOutput.log".
[2.128s] [31mCMake Error at CMakeLists.txt:12 (find_package):
[2.128s]   By not providing "Findpcl_ros.cmake" in CMAKE_MODULE_PATH this project has
[2.128s]   asked CMake to find a package configuration file provided by "pcl_ros", but
[2.128s]   CMake did not find one.
[2.128s] 
[2.128s]   Could not find a package configuration file provided by "pcl_ros" with any
[2.128s]   of the following names:
[2.128s] 
[2.128s]     pcl_rosConfig.cmake
[2.128s]     pcl_ros-config.cmake
[2.129s] 
[2.129s]   Add the installation prefix of "pcl_ros" to CMAKE_PREFIX_PATH or set
[2.129s]   "pcl_ros_DIR" to a directory containing one of the above files.  If
[2.129s]   "pcl_ros" provides a separate development package or SDK, be sure it has
[2.129s]   been installed.
[2.129s] 
[2.129s] [0m
[2.141s] Invoked command in '/home/jacklenolee/LRAE_WS/build/sensor_conversion' returned '1': /usr/bin/cmake /home/jacklenolee/LRAE_WS/src/LRAE-ROS2/sensor_conversion -DCMAKE_INSTALL_PREFIX=/home/jacklenolee/LRAE_WS/install/sensor_conversion
