[0.024s] Invoking command in '/home/jacklenolee/LRAE_WS/build/scout_description': /usr/bin/cmake /home/jacklenolee/LRAE_WS/src/LRAE-ROS2/scout_simulator/scout_description -DCATKIN_INSTALL_INTO_PREFIX_ROOT=0 -DCMAKE_INSTALL_PREFIX=/home/jacklenolee/LRAE_WS/install/scout_description
[0.064s] [0mCMake Deprecation Warning at CMakeLists.txt:1 (cmake_minimum_required):
[0.064s]   Compatibility with CMake < 2.8.12 will be removed from a future version of
[0.064s]   CMake.
[0.064s] 
[0.064s]   Update the VERSION argument <min> value or use a ...<max> suffix to tell
[0.064s]   CMake that the project does not need compatibility with older versions.
[0.064s] 
[0.064s] [0m
[0.265s] -- The C compiler identification is GNU 11.4.0
[0.498s] -- The CXX compiler identification is GNU 11.4.0
[0.508s] -- Detecting C compiler ABI info
[0.608s] -- Detecting C compiler ABI info - done
[0.619s] -- Check for working C compiler: /usr/bin/cc - skipped
[0.620s] -- Detecting C compile features
[0.621s] -- Detecting C compile features - done
[0.624s] -- Detecting CXX compiler ABI info
[0.755s] -- Detecting CXX compiler ABI info - done
[0.761s] -- Check for working CXX compiler: /usr/bin/c++ - skipped
[0.762s] -- Detecting CXX compile features
[0.762s] -- Detecting CXX compile features - done
[0.782s] [31mCMake Error at CMakeLists.txt:4 (find_package):
[0.782s]   By not providing "Findcatkin.cmake" in CMAKE_MODULE_PATH this project has
[0.782s]   asked CMake to find a package configuration file provided by "catkin", but
[0.782s]   CMake did not find one.
[0.782s] 
[0.782s]   Could not find a package configuration file provided by "catkin" with any
[0.782s]   of the following names:
[0.782s] 
[0.782s]     catkinConfig.cmake
[0.782s]     catkin-config.cmake
[0.782s] 
[0.783s]   Add the installation prefix of "catkin" to CMAKE_PREFIX_PATH or set
[0.783s]   "catkin_DIR" to a directory containing one of the above files.  If "catkin"
[0.783s]   provides a separate development package or SDK, be sure it has been
[0.783s]   installed.
[0.783s] 
[0.783s] [0m
[0.783s] -- Configuring incomplete, errors occurred!
[0.783s] See also "/home/jacklenolee/LRAE_WS/build/scout_description/CMakeFiles/CMakeOutput.log".
[0.789s] Invoked command in '/home/jacklenolee/LRAE_WS/build/scout_description' returned '1': /usr/bin/cmake /home/jacklenolee/LRAE_WS/src/LRAE-ROS2/scout_simulator/scout_description -DCATKIN_INSTALL_INTO_PREFIX_ROOT=0 -DCMAKE_INSTALL_PREFIX=/home/jacklenolee/LRAE_WS/install/scout_description
