[0.022s] Invoking command in '/home/jacklenolee/LRAE_WS/build/fitplane': CMAKE_PREFIX_PATH=/opt/ros/humble /usr/bin/cmake /home/jacklenolee/LRAE_WS/src/LRAE-ROS2/fitplane -DCMAKE_INSTALL_PREFIX=/home/jacklenolee/LRAE_WS/install/fitplane
[0.257s] -- The C compiler identification is GNU 11.4.0
[0.456s] -- The CXX compiler identification is GNU 11.4.0
[0.473s] -- Detecting C compiler ABI info
[0.594s] -- Detecting C compiler ABI info - done
[0.604s] -- Check for working C compiler: /usr/bin/cc - skipped
[0.605s] -- Detecting C compile features
[0.606s] -- Detecting C compile features - done
[0.610s] -- Detecting CXX compiler ABI info
[0.765s] -- Detecting CXX compiler ABI info - done
[0.774s] -- Check for working CXX compiler: /usr/bin/c++ - skipped
[0.775s] -- Detecting CXX compile features
[0.776s] -- Detecting CXX compile features - done
[0.785s] -- Found ament_cmake: 1.3.11 (/opt/ros/humble/share/ament_cmake/cmake)
[0.973s] -- Found Python3: /usr/bin/python3 (found version "3.10.12") found components: Interpreter 
[1.079s] -- Found rclcpp: 16.0.11 (/opt/ros/humble/share/rclcpp/cmake)
[1.150s] -- Found rosidl_generator_c: 3.1.6 (/opt/ros/humble/share/rosidl_generator_c/cmake)
[1.158s] -- Found rosidl_adapter: 3.1.6 (/opt/ros/humble/share/rosidl_adapter/cmake)
[1.171s] -- Found rosidl_generator_cpp: 3.1.6 (/opt/ros/humble/share/rosidl_generator_cpp/cmake)
[1.192s] -- Using all available rosidl_typesupport_c: rosidl_typesupport_fastrtps_c;rosidl_typesupport_introspection_c
[1.214s] -- Using all available rosidl_typesupport_cpp: rosidl_typesupport_fastrtps_cpp;rosidl_typesupport_introspection_cpp
[1.282s] -- Found rmw_implementation_cmake: 6.1.2 (/opt/ros/humble/share/rmw_implementation_cmake/cmake)
[1.287s] -- Found rmw_fastrtps_cpp: 6.2.7 (/opt/ros/humble/share/rmw_fastrtps_cpp/cmake)
[1.412s] -- Found OpenSSL: /usr/lib/x86_64-linux-gnu/libcrypto.so (found version "3.0.2")  
[1.443s] -- Found FastRTPS: /opt/ros/humble/include  
[1.487s] -- Using RMW implementation 'rmw_fastrtps_cpp' as default
[1.500s] -- Looking for pthread.h
[1.616s] -- Looking for pthread.h - found
[1.616s] -- Performing Test CMAKE_HAVE_LIBC_PTHREAD
[1.729s] -- Performing Test CMAKE_HAVE_LIBC_PTHREAD - Success
[1.730s] -- Found Threads: TRUE  
[1.809s] -- Found geometry_msgs: 4.2.4 (/opt/ros/humble/share/geometry_msgs/cmake)
[1.831s] -- Found nav_msgs: 4.2.4 (/opt/ros/humble/share/nav_msgs/cmake)
[1.854s] -- Found tf2: 0.25.11 (/opt/ros/humble/share/tf2/cmake)
[1.887s] -- Checking for module 'eigen3'
[1.905s] --   Found eigen3, version 3.4.0
[1.963s] -- Found Eigen: /usr/include/eigen3 (Required is at least version "3.1") 
[1.963s] -- Eigen found (include: /usr/include/eigen3, version: 3.4.0)
[1.996s] -- Found Boost: /usr/lib/x86_64-linux-gnu/cmake/Boost-1.74.0/BoostConfig.cmake (found suitable version "1.74.0", minimum required is "1.65.0") found components: system filesystem date_time iostreams serialization 
[2.018s] -- Checking for module 'flann'
[2.039s] --   Found flann, version 1.9.1
[2.100s] -- Found FLANN: /usr/lib/x86_64-linux-gnu/libflann_cpp.so  
[2.100s] -- FLANN found (include: /usr/include, lib: /usr/lib/x86_64-linux-gnu/libflann_cpp.so)
[2.144s] -- Found GLEW: /usr/lib/x86_64-linux-gnu/libGLEW.so  
[2.156s] -- Found OpenGL: /usr/lib/x86_64-linux-gnu/libOpenGL.so  found components: OpenGL GLX 
[2.348s] -- Found MPI_C: /usr/lib/x86_64-linux-gnu/libmpi.so (found version "3.1") 
[2.348s] -- Found MPI: TRUE (found version "3.1") found components: C 
[2.352s] -- Found JsonCpp: /usr/lib/x86_64-linux-gnu/libjsoncpp.so (found suitable version "1.9.5", minimum required is "0.7.0") 
[2.361s] -- Found ZLIB: /usr/lib/x86_64-linux-gnu/libz.so (found version "1.2.11") 
[2.378s] -- Found PNG: /usr/lib/x86_64-linux-gnu/libpng.so (found version "1.6.37") 
[2.414s] -- Found Eigen3: /usr/include/eigen3 (found version "3.4.0") 
[2.533s] -- Found X11: /usr/include   
[2.534s] -- Looking for XOpenDisplay in /usr/lib/x86_64-linux-gnu/libX11.so;/usr/lib/x86_64-linux-gnu/libXext.so
[2.632s] -- Looking for XOpenDisplay in /usr/lib/x86_64-linux-gnu/libX11.so;/usr/lib/x86_64-linux-gnu/libXext.so - found
[2.632s] -- Looking for gethostbyname
[2.720s] -- Looking for gethostbyname - found
[2.720s] -- Looking for connect
[2.807s] -- Looking for connect - found
[2.808s] -- Looking for remove
[2.898s] -- Looking for remove - found
[2.898s] -- Looking for shmat
[3.008s] -- Looking for shmat - found
[3.008s] -- Looking for IceConnectionNumber in ICE
[3.100s] -- Looking for IceConnectionNumber in ICE - found
[3.214s] -- Found EXPAT: /usr/lib/x86_64-linux-gnu/libexpat.so (found version "2.4.7") 
[3.216s] -- Found double-conversion: /usr/lib/x86_64-linux-gnu/libdouble-conversion.so  
[3.218s] -- Found LZ4: /usr/lib/x86_64-linux-gnu/liblz4.so (found version "1.9.3") 
[3.221s] -- Found LZMA: /usr/lib/x86_64-linux-gnu/liblzma.so (found version "5.2.5") 
[3.280s] -- Found JPEG: /usr/lib/x86_64-linux-gnu/libjpeg.so (found version "80") 
[3.286s] -- Found TIFF: /usr/lib/x86_64-linux-gnu/libtiff.so (found version "4.3.0")  
[3.290s] -- Found Freetype: /usr/lib/x86_64-linux-gnu/libfreetype.so (found version "2.11.1") 
[3.297s] -- Found utf8cpp: /usr/include/utf8cpp  
[3.410s] -- Checking for module 'libusb-1.0'
[3.430s] --   Found libusb-1.0, version 1.0.25
[3.486s] -- Found libusb: /usr/lib/x86_64-linux-gnu/libusb-1.0.so  
[3.487s] -- Found OpenNI: /usr/lib/libOpenNI.so;libusb::libusb (found version "1.5.4.0") 
[3.487s] -- OpenNI found (version: 1.5.4.0, include: /usr/include/ni, lib: /usr/lib/libOpenNI.so;libusb::libusb)
[3.571s] -- Found OpenNI2: /usr/lib/x86_64-linux-gnu/libOpenNI2.so;libusb::libusb (found version "2.2.0.33") 
[3.571s] -- OpenNI2 found (version: 2.2.0.33, include: /usr/include/openni2, lib: /usr/lib/x86_64-linux-gnu/libOpenNI2.so;libusb::libusb)
[3.571s] [0m** WARNING ** io features related to pcap will be disabled[0m
[3.733s] -- Eigen found (include: /usr/include/eigen3, version: 3.4.0)
[3.740s] -- OpenNI found (version: 1.5.4.0, include: /usr/include/ni, lib: /usr/lib/libOpenNI.so;libusb::libusb)
[3.751s] -- OpenNI2 found (version: 2.2.0.33, include: /usr/include/openni2, lib: /usr/lib/x86_64-linux-gnu/libOpenNI2.so;libusb::libusb)
[3.904s] -- Found Qhull version 8.0.2
[4.062s] -- OpenNI found (version: 1.5.4.0, include: /usr/include/ni, lib: /usr/lib/libOpenNI.so;libusb::libusb)
[4.218s] -- looking for PCL_COMMON
[4.219s] -- Found PCL_COMMON: /usr/lib/x86_64-linux-gnu/libpcl_common.so  
[4.219s] -- looking for PCL_KDTREE
[4.221s] -- Found PCL_KDTREE: /usr/lib/x86_64-linux-gnu/libpcl_kdtree.so  
[4.221s] -- looking for PCL_OCTREE
[4.221s] -- Found PCL_OCTREE: /usr/lib/x86_64-linux-gnu/libpcl_octree.so  
[4.221s] -- looking for PCL_SEARCH
[4.222s] -- Found PCL_SEARCH: /usr/lib/x86_64-linux-gnu/libpcl_search.so  
[4.222s] -- looking for PCL_SAMPLE_CONSENSUS
[4.223s] -- Found PCL_SAMPLE_CONSENSUS: /usr/lib/x86_64-linux-gnu/libpcl_sample_consensus.so  
[4.223s] -- looking for PCL_FILTERS
[4.224s] -- Found PCL_FILTERS: /usr/lib/x86_64-linux-gnu/libpcl_filters.so  
[4.224s] -- looking for PCL_2D
[4.224s] -- Found PCL_2D: /usr/include/pcl-1.12  
[4.224s] -- looking for PCL_GEOMETRY
[4.225s] -- Found PCL_GEOMETRY: /usr/include/pcl-1.12  
[4.225s] -- looking for PCL_IO
[4.225s] -- Found PCL_IO: /usr/lib/x86_64-linux-gnu/libpcl_io.so  
[4.226s] -- looking for PCL_FEATURES
[4.226s] -- Found PCL_FEATURES: /usr/lib/x86_64-linux-gnu/libpcl_features.so  
[4.227s] -- looking for PCL_ML
[4.227s] -- Found PCL_ML: /usr/lib/x86_64-linux-gnu/libpcl_ml.so  
[4.228s] -- looking for PCL_SEGMENTATION
[4.228s] -- Found PCL_SEGMENTATION: /usr/lib/x86_64-linux-gnu/libpcl_segmentation.so  
[4.228s] -- looking for PCL_VISUALIZATION
[4.229s] -- Found PCL_VISUALIZATION: /usr/lib/x86_64-linux-gnu/libpcl_visualization.so  
[4.229s] -- looking for PCL_SURFACE
[4.230s] -- Found PCL_SURFACE: /usr/lib/x86_64-linux-gnu/libpcl_surface.so  
[4.230s] -- looking for PCL_REGISTRATION
[4.231s] -- Found PCL_REGISTRATION: /usr/lib/x86_64-linux-gnu/libpcl_registration.so  
[4.231s] -- looking for PCL_KEYPOINTS
[4.232s] -- Found PCL_KEYPOINTS: /usr/lib/x86_64-linux-gnu/libpcl_keypoints.so  
[4.232s] -- looking for PCL_TRACKING
[4.233s] -- Found PCL_TRACKING: /usr/lib/x86_64-linux-gnu/libpcl_tracking.so  
[4.234s] -- looking for PCL_RECOGNITION
[4.235s] -- Found PCL_RECOGNITION: /usr/lib/x86_64-linux-gnu/libpcl_recognition.so  
[4.235s] -- looking for PCL_STEREO
[4.236s] -- Found PCL_STEREO: /usr/lib/x86_64-linux-gnu/libpcl_stereo.so  
[4.236s] -- looking for PCL_APPS
[4.238s] -- Found PCL_APPS: /usr/lib/x86_64-linux-gnu/libpcl_apps.so  
[4.238s] -- looking for PCL_IN_HAND_SCANNER
[4.239s] -- Found PCL_IN_HAND_SCANNER: /usr/include/pcl-1.12  
[4.239s] -- looking for PCL_MODELER
[4.240s] -- Found PCL_MODELER: /usr/include/pcl-1.12  
[4.240s] -- looking for PCL_POINT_CLOUD_EDITOR
[4.241s] -- Found PCL_POINT_CLOUD_EDITOR: /usr/include/pcl-1.12  
[4.241s] -- looking for PCL_OUTOFCORE
[4.242s] -- Found PCL_OUTOFCORE: /usr/lib/x86_64-linux-gnu/libpcl_outofcore.so  
[4.242s] -- looking for PCL_PEOPLE
[4.243s] -- Found PCL_PEOPLE: /usr/lib/x86_64-linux-gnu/libpcl_people.so  
[4.244s] -- Found PCL: pcl_common;pcl_kdtree;pcl_octree;pcl_search;pcl_sample_consensus;pcl_filters;pcl_io;pcl_features;pcl_ml;pcl_segmentation;pcl_visualization;pcl_surface;pcl_registration;pcl_keypoints;pcl_tracking;pcl_recognition;pcl_stereo;pcl_apps;pcl_outofcore;pcl_people;Boost::system;Boost::filesystem;Boost::date_time;Boost::iostreams;Boost::serialization;/usr/lib/libOpenNI.so;libusb::libusb;/usr/lib/x86_64-linux-gnu/libOpenNI2.so;libusb::libusb;VTK::ChartsCore;VTK::CommonColor;VTK::CommonComputationalGeometry;VTK::CommonCore;VTK::CommonDataModel;VTK::CommonExecutionModel;VTK::CommonMath;VTK::CommonMisc;VTK::CommonTransforms;VTK::FiltersCore;VTK::FiltersExtraction;VTK::FiltersGeneral;VTK::FiltersGeometry;VTK::FiltersModeling;VTK::FiltersSources;VTK::ImagingCore;VTK::ImagingSources;VTK::InteractionImage;VTK::InteractionStyle;VTK::InteractionWidgets;VTK::IOCore;VTK::IOGeometry;VTK::IOImage;VTK::IOLegacy;VTK::IOPLY;VTK::RenderingAnnotation;VTK::RenderingCore;VTK::RenderingContext2D;VTK::RenderingLOD;VTK::RenderingFreeType;VTK::ViewsCore;VTK::ViewsContext2D;VTK::RenderingOpenGL2;VTK::GUISupportQt;FLANN::FLANN;QHULL::QHULL  
[4.245s] -- Found pcl_conversions: 2.4.5 (/opt/ros/humble/share/pcl_conversions/cmake)
[4.289s] -- Found tf2_ros: 0.25.11 (/opt/ros/humble/share/tf2_ros/cmake)
[4.373s] -- Found rosidl_default_generators: 1.2.0 (/opt/ros/humble/share/rosidl_default_generators/cmake)
[4.560s] [31mCMake Error at /opt/ros/humble/share/rosidl_adapter/cmake/rosidl_adapt_interfaces.cmake:59 (message):
[4.560s]   execute_process(/usr/bin/python3 -m rosidl_adapter --package-name fitplane
[4.560s]   --arguments-file
[4.560s]   /home/jacklenolee/LRAE_WS/build/fitplane/rosidl_adapter__arguments__fitplane.json
[4.560s]   --output-dir
[4.560s]   /home/jacklenolee/LRAE_WS/build/fitplane/rosidl_adapter/fitplane
[4.560s]   --output-file
[4.560s]   /home/jacklenolee/LRAE_WS/build/fitplane/rosidl_adapter/fitplane.idls)
[4.560s]   returned error code 1:
[4.560s] 
[4.560s]   Error processing 'float64 PlaneCellHeight' of 'fitplane/Plane':
[4.560s]   ''PlaneCellHeight' is an invalid field name.  It should have the pattern
[4.560s]   '^(?!.*__)(?!.*_$)[a-z][a-z0-9_]*$''
[4.560s] 
[4.561s]   Traceback (most recent call last):
[4.561s] 
[4.561s]     File "/usr/lib/python3.10/runpy.py", line 196, in _run_module_as_main
[4.561s]       return _run_code(code, main_globals, None,
[4.561s]     File "/usr/lib/python3.10/runpy.py", line 86, in _run_code
[4.561s]       exec(code, run_globals)
[4.561s]     File "/opt/ros/humble/local/lib/python3.10/dist-packages/rosidl_adapter/__main__.py", line 19, in <module>
[4.561s]       sys.exit(main())
[4.561s]     File "/opt/ros/humble/local/lib/python3.10/dist-packages/rosidl_adapter/main.py", line 53, in main
[4.561s]       abs_idl_file = convert_to_idl(
[4.561s]     File "/opt/ros/humble/local/lib/python3.10/dist-packages/rosidl_adapter/__init__.py", line 19, in convert_to_idl
[4.561s]       return convert_msg_to_idl(
[4.561s]     File "/opt/ros/humble/local/lib/python3.10/dist-packages/rosidl_adapter/msg/__init__.py", line 28, in convert_msg_to_idl
[4.561s]       msg = parse_message_string(package_name, input_file.stem, content)
[4.561s]     File "/opt/ros/humble/local/lib/python3.10/dist-packages/rosidl_adapter/parser.py", line 519, in parse_message_string
[4.561s]       fields.append(Field(
[4.561s]     File "/opt/ros/humble/local/lib/python3.10/dist-packages/rosidl_adapter/parser.py", line 354, in __init__
[4.561s]       raise NameError(
[4.561s] 
[4.561s]   NameError: 'PlaneCellHeight' is an invalid field name.  It should have the
[4.561s]   pattern '^(?!.*__)(?!.*_$)[a-z][a-z0-9_]*$'
[4.561s] 
[4.562s] Call Stack (most recent call first):
[4.562s]   /opt/ros/humble/share/rosidl_cmake/cmake/rosidl_generate_interfaces.cmake:130 (rosidl_adapt_interfaces)
[4.562s]   CMakeLists.txt:22 (rosidl_generate_interfaces)
[4.562s] 
[4.562s] [0m
[4.562s] -- Configuring incomplete, errors occurred!
[4.562s] See also "/home/jacklenolee/LRAE_WS/build/fitplane/CMakeFiles/CMakeOutput.log".
