[0.022s] Invoking command in '/home/jacklenolee/LRAE_WS/build/gen_local_goal': /usr/bin/cmake /home/jacklenolee/LRAE_WS/src/LRAE-ROS2/gen_local_goal -DCATKIN_INSTALL_INTO_PREFIX_ROOT=0 -DCMAKE_INSTALL_PREFIX=/home/jacklenolee/LRAE_WS/install/gen_local_goal
[0.254s] -- The C compiler identification is GNU 11.4.0
[0.454s] -- The CXX compiler identification is GNU 11.4.0
[0.469s] -- Detecting C compiler ABI info
[0.620s] -- Detecting C compiler ABI info - done
[0.629s] -- Check for working C compiler: /usr/bin/cc - skipped
[0.630s] -- Detecting C compile features
[0.630s] -- Detecting C compile features - done
[0.634s] -- Detecting CXX compiler ABI info
[0.782s] -- Detecting CXX compiler ABI info - done
[0.784s] -- Check for working CXX compiler: /usr/bin/c++ - skipped
[0.784s] -- Detecting CXX compile features
[0.785s] -- Detecting CXX compile features - done
[0.787s] -- Found ament_cmake: 1.3.11 (/opt/ros/humble/share/ament_cmake/cmake)
[0.958s] -- Found Python3: /usr/bin/python3 (found version "3.10.12") found components: Interpreter 
[1.077s] -- Found rclcpp: 16.0.11 (/opt/ros/humble/share/rclcpp/cmake)
[1.147s] -- Found rosidl_generator_c: 3.1.6 (/opt/ros/humble/share/rosidl_generator_c/cmake)
[1.155s] -- Found rosidl_adapter: 3.1.6 (/opt/ros/humble/share/rosidl_adapter/cmake)
[1.168s] -- Found rosidl_generator_cpp: 3.1.6 (/opt/ros/humble/share/rosidl_generator_cpp/cmake)
[1.189s] -- Using all available rosidl_typesupport_c: rosidl_typesupport_fastrtps_c;rosidl_typesupport_introspection_c
[1.211s] -- Using all available rosidl_typesupport_cpp: rosidl_typesupport_fastrtps_cpp;rosidl_typesupport_introspection_cpp
[1.279s] -- Found rmw_implementation_cmake: 6.1.2 (/opt/ros/humble/share/rmw_implementation_cmake/cmake)
[1.284s] -- Found rmw_fastrtps_cpp: 6.2.7 (/opt/ros/humble/share/rmw_fastrtps_cpp/cmake)
[1.409s] -- Found OpenSSL: /usr/lib/x86_64-linux-gnu/libcrypto.so (found version "3.0.2")  
[1.439s] -- Found FastRTPS: /opt/ros/humble/include  
[1.484s] -- Using RMW implementation 'rmw_fastrtps_cpp' as default
[1.497s] -- Looking for pthread.h
[1.648s] -- Looking for pthread.h - found
[1.649s] -- Performing Test CMAKE_HAVE_LIBC_PTHREAD
[1.747s] -- Performing Test CMAKE_HAVE_LIBC_PTHREAD - Success
[1.748s] -- Found Threads: TRUE  
[1.812s] -- Found nav_msgs: 4.2.4 (/opt/ros/humble/share/nav_msgs/cmake)
[1.851s] -- Found tf2: 0.25.11 (/opt/ros/humble/share/tf2/cmake)
[1.866s] -- Found tf2_ros: 0.25.11 (/opt/ros/humble/share/tf2_ros/cmake)
[2.079s] -- Configuring done
[2.098s] -- Generating done
[2.099s] [33mCMake Warning:
[2.099s]   Manually-specified variables were not used by the project:
[2.099s] 
[2.099s]     CATKIN_INSTALL_INTO_PREFIX_ROOT
[2.099s] 
[2.099s] [0m
[2.103s] -- Build files have been written to: /home/jacklenolee/LRAE_WS/build/gen_local_goal
