[0.108s] DEBUG:colcon:Command line arguments: ['/usr/bin/colcon', 'build', '--packages-select', 'sensor_conversion']
[0.108s] DEBUG:colcon:Parsed command line arguments: Namespace(log_base=None, log_level=None, verb_name='build', build_base='build', install_base='install', merge_install=False, symlink_install=False, test_result_base=None, continue_on_error=False, executor='parallel', parallel_workers=4, event_handlers=None, ignore_user_meta=False, metas=['./colcon.meta'], base_paths=['.'], packages_ignore=None, packages_ignore_regex=None, paths=None, packages_up_to=None, packages_up_to_regex=None, packages_above=None, packages_above_and_dependencies=None, packages_above_depth=None, packages_select_by_dep=None, packages_skip_by_dep=None, packages_skip_up_to=None, packages_select_build_failed=False, packages_skip_build_finished=False, packages_select_test_failures=False, packages_skip_test_passed=False, packages_select=['sensor_conversion'], packages_skip=None, packages_select_regex=None, packages_skip_regex=None, packages_start=None, packages_end=None, allow_overriding=[], cmake_args=None, cmake_target=None, cmake_target_skip_unavailable=False, cmake_clean_cache=False, cmake_clean_first=False, cmake_force_configure=False, ament_cmake_args=None, catkin_cmake_args=None, catkin_skip_building_tests=False, verb_parser=<colcon_defaults.argument_parser.defaults.DefaultArgumentsDecorator object at 0x7784af4ae740>, verb_extension=<colcon_core.verb.build.BuildVerb object at 0x7784af4ae230>, main=<bound method BuildVerb.main of <colcon_core.verb.build.BuildVerb object at 0x7784af4ae230>>)
[0.267s] Level 1:colcon.colcon_core.package_discovery:discover_packages(colcon_meta) check parameters
[0.267s] Level 1:colcon.colcon_core.package_discovery:discover_packages(recursive) check parameters
[0.267s] Level 1:colcon.colcon_core.package_discovery:discover_packages(ignore) check parameters
[0.267s] Level 1:colcon.colcon_core.package_discovery:discover_packages(path) check parameters
[0.267s] Level 1:colcon.colcon_core.package_discovery:discover_packages(colcon_meta) discover
[0.267s] Level 1:colcon.colcon_core.package_discovery:discover_packages(recursive) discover
[0.267s] INFO:colcon.colcon_core.package_discovery:Crawling recursively for packages in '/home/jacklenolee/LRAE_WS'
[0.267s] Level 1:colcon.colcon_core.package_identification:_identify(.) by extensions ['ignore', 'ignore_ament_install']
[0.267s] Level 1:colcon.colcon_core.package_identification:_identify(.) by extension 'ignore'
[0.267s] Level 1:colcon.colcon_core.package_identification:_identify(.) by extension 'ignore_ament_install'
[0.267s] Level 1:colcon.colcon_core.package_identification:_identify(.) by extensions ['colcon_pkg']
[0.267s] Level 1:colcon.colcon_core.package_identification:_identify(.) by extension 'colcon_pkg'
[0.267s] Level 1:colcon.colcon_core.package_identification:_identify(.) by extensions ['colcon_meta']
[0.267s] Level 1:colcon.colcon_core.package_identification:_identify(.) by extension 'colcon_meta'
[0.267s] Level 1:colcon.colcon_core.package_identification:_identify(.) by extensions ['ros']
[0.267s] Level 1:colcon.colcon_core.package_identification:_identify(.) by extension 'ros'
[0.279s] Level 1:colcon.colcon_core.package_identification:_identify(.) by extensions ['cmake', 'python']
[0.279s] Level 1:colcon.colcon_core.package_identification:_identify(.) by extension 'cmake'
[0.279s] Level 1:colcon.colcon_core.package_identification:_identify(.) by extension 'python'
[0.279s] Level 1:colcon.colcon_core.package_identification:_identify(.) by extensions ['python_setup_py']
[0.279s] Level 1:colcon.colcon_core.package_identification:_identify(.) by extension 'python_setup_py'
[0.279s] Level 1:colcon.colcon_core.package_identification:_identify(build) by extensions ['ignore', 'ignore_ament_install']
[0.279s] Level 1:colcon.colcon_core.package_identification:_identify(build) by extension 'ignore'
[0.279s] Level 1:colcon.colcon_core.package_identification:_identify(build) ignored
[0.279s] Level 1:colcon.colcon_core.package_identification:_identify(install) by extensions ['ignore', 'ignore_ament_install']
[0.279s] Level 1:colcon.colcon_core.package_identification:_identify(install) by extension 'ignore'
[0.279s] Level 1:colcon.colcon_core.package_identification:_identify(install) ignored
[0.280s] Level 1:colcon.colcon_core.package_identification:_identify(log) by extensions ['ignore', 'ignore_ament_install']
[0.280s] Level 1:colcon.colcon_core.package_identification:_identify(log) by extension 'ignore'
[0.280s] Level 1:colcon.colcon_core.package_identification:_identify(log) ignored
[0.280s] Level 1:colcon.colcon_core.package_identification:_identify(src) by extensions ['ignore', 'ignore_ament_install']
[0.280s] Level 1:colcon.colcon_core.package_identification:_identify(src) by extension 'ignore'
[0.280s] Level 1:colcon.colcon_core.package_identification:_identify(src) by extension 'ignore_ament_install'
[0.280s] Level 1:colcon.colcon_core.package_identification:_identify(src) by extensions ['colcon_pkg']
[0.280s] Level 1:colcon.colcon_core.package_identification:_identify(src) by extension 'colcon_pkg'
[0.280s] Level 1:colcon.colcon_core.package_identification:_identify(src) by extensions ['colcon_meta']
[0.280s] Level 1:colcon.colcon_core.package_identification:_identify(src) by extension 'colcon_meta'
[0.280s] Level 1:colcon.colcon_core.package_identification:_identify(src) by extensions ['ros']
[0.280s] Level 1:colcon.colcon_core.package_identification:_identify(src) by extension 'ros'
[0.280s] Level 1:colcon.colcon_core.package_identification:_identify(src) by extensions ['cmake', 'python']
[0.280s] Level 1:colcon.colcon_core.package_identification:_identify(src) by extension 'cmake'
[0.280s] Level 1:colcon.colcon_core.package_identification:_identify(src) by extension 'python'
[0.280s] Level 1:colcon.colcon_core.package_identification:_identify(src) by extensions ['python_setup_py']
[0.280s] Level 1:colcon.colcon_core.package_identification:_identify(src) by extension 'python_setup_py'
[0.280s] Level 1:colcon.colcon_core.package_identification:_identify(src/LRAE-ROS2) by extensions ['ignore', 'ignore_ament_install']
[0.280s] Level 1:colcon.colcon_core.package_identification:_identify(src/LRAE-ROS2) by extension 'ignore'
[0.280s] Level 1:colcon.colcon_core.package_identification:_identify(src/LRAE-ROS2) by extension 'ignore_ament_install'
[0.281s] Level 1:colcon.colcon_core.package_identification:_identify(src/LRAE-ROS2) by extensions ['colcon_pkg']
[0.281s] Level 1:colcon.colcon_core.package_identification:_identify(src/LRAE-ROS2) by extension 'colcon_pkg'
[0.281s] Level 1:colcon.colcon_core.package_identification:_identify(src/LRAE-ROS2) by extensions ['colcon_meta']
[0.281s] Level 1:colcon.colcon_core.package_identification:_identify(src/LRAE-ROS2) by extension 'colcon_meta'
[0.281s] Level 1:colcon.colcon_core.package_identification:_identify(src/LRAE-ROS2) by extensions ['ros']
[0.281s] Level 1:colcon.colcon_core.package_identification:_identify(src/LRAE-ROS2) by extension 'ros'
[0.281s] Level 1:colcon.colcon_core.package_identification:_identify(src/LRAE-ROS2) by extensions ['cmake', 'python']
[0.281s] Level 1:colcon.colcon_core.package_identification:_identify(src/LRAE-ROS2) by extension 'cmake'
[0.281s] Level 1:colcon.colcon_core.package_identification:_identify(src/LRAE-ROS2) by extension 'python'
[0.281s] Level 1:colcon.colcon_core.package_identification:_identify(src/LRAE-ROS2) by extensions ['python_setup_py']
[0.281s] Level 1:colcon.colcon_core.package_identification:_identify(src/LRAE-ROS2) by extension 'python_setup_py'
[0.281s] Level 1:colcon.colcon_core.package_identification:_identify(src/LRAE-ROS2/fitplane) by extensions ['ignore', 'ignore_ament_install']
[0.281s] Level 1:colcon.colcon_core.package_identification:_identify(src/LRAE-ROS2/fitplane) by extension 'ignore'
[0.281s] Level 1:colcon.colcon_core.package_identification:_identify(src/LRAE-ROS2/fitplane) by extension 'ignore_ament_install'
[0.281s] Level 1:colcon.colcon_core.package_identification:_identify(src/LRAE-ROS2/fitplane) by extensions ['colcon_pkg']
[0.281s] Level 1:colcon.colcon_core.package_identification:_identify(src/LRAE-ROS2/fitplane) by extension 'colcon_pkg'
[0.281s] Level 1:colcon.colcon_core.package_identification:_identify(src/LRAE-ROS2/fitplane) by extensions ['colcon_meta']
[0.281s] Level 1:colcon.colcon_core.package_identification:_identify(src/LRAE-ROS2/fitplane) by extension 'colcon_meta'
[0.281s] Level 1:colcon.colcon_core.package_identification:_identify(src/LRAE-ROS2/fitplane) by extensions ['ros']
[0.281s] Level 1:colcon.colcon_core.package_identification:_identify(src/LRAE-ROS2/fitplane) by extension 'ros'
[0.284s] DEBUG:colcon.colcon_core.package_identification:Package 'src/LRAE-ROS2/fitplane' with type 'ros.ament_cmake' and name 'fitplane'
[0.284s] Level 1:colcon.colcon_core.package_identification:_identify(src/LRAE-ROS2/gen_local_goal) by extensions ['ignore', 'ignore_ament_install']
[0.284s] Level 1:colcon.colcon_core.package_identification:_identify(src/LRAE-ROS2/gen_local_goal) by extension 'ignore'
[0.284s] Level 1:colcon.colcon_core.package_identification:_identify(src/LRAE-ROS2/gen_local_goal) by extension 'ignore_ament_install'
[0.284s] Level 1:colcon.colcon_core.package_identification:_identify(src/LRAE-ROS2/gen_local_goal) by extensions ['colcon_pkg']
[0.285s] Level 1:colcon.colcon_core.package_identification:_identify(src/LRAE-ROS2/gen_local_goal) by extension 'colcon_pkg'
[0.285s] Level 1:colcon.colcon_core.package_identification:_identify(src/LRAE-ROS2/gen_local_goal) by extensions ['colcon_meta']
[0.285s] Level 1:colcon.colcon_core.package_identification:_identify(src/LRAE-ROS2/gen_local_goal) by extension 'colcon_meta'
[0.285s] Level 1:colcon.colcon_core.package_identification:_identify(src/LRAE-ROS2/gen_local_goal) by extensions ['ros']
[0.285s] Level 1:colcon.colcon_core.package_identification:_identify(src/LRAE-ROS2/gen_local_goal) by extension 'ros'
[0.285s] DEBUG:colcon.colcon_core.package_identification:Package 'src/LRAE-ROS2/gen_local_goal' with type 'ros.catkin' and name 'gen_local_goal'
[0.285s] Level 1:colcon.colcon_core.package_identification:_identify(src/LRAE-ROS2/local_planner) by extensions ['ignore', 'ignore_ament_install']
[0.285s] Level 1:colcon.colcon_core.package_identification:_identify(src/LRAE-ROS2/local_planner) by extension 'ignore'
[0.285s] Level 1:colcon.colcon_core.package_identification:_identify(src/LRAE-ROS2/local_planner) by extension 'ignore_ament_install'
[0.286s] Level 1:colcon.colcon_core.package_identification:_identify(src/LRAE-ROS2/local_planner) by extensions ['colcon_pkg']
[0.286s] Level 1:colcon.colcon_core.package_identification:_identify(src/LRAE-ROS2/local_planner) by extension 'colcon_pkg'
[0.286s] Level 1:colcon.colcon_core.package_identification:_identify(src/LRAE-ROS2/local_planner) by extensions ['colcon_meta']
[0.286s] Level 1:colcon.colcon_core.package_identification:_identify(src/LRAE-ROS2/local_planner) by extension 'colcon_meta'
[0.286s] Level 1:colcon.colcon_core.package_identification:_identify(src/LRAE-ROS2/local_planner) by extensions ['ros']
[0.286s] Level 1:colcon.colcon_core.package_identification:_identify(src/LRAE-ROS2/local_planner) by extension 'ros'
[0.287s] DEBUG:colcon.colcon_core.package_identification:Package 'src/LRAE-ROS2/local_planner' with type 'ros.ament_cmake' and name 'local_planner'
[0.287s] Level 1:colcon.colcon_core.package_identification:_identify(src/LRAE-ROS2/lrae_planner) by extensions ['ignore', 'ignore_ament_install']
[0.287s] Level 1:colcon.colcon_core.package_identification:_identify(src/LRAE-ROS2/lrae_planner) by extension 'ignore'
[0.287s] Level 1:colcon.colcon_core.package_identification:_identify(src/LRAE-ROS2/lrae_planner) by extension 'ignore_ament_install'
[0.287s] Level 1:colcon.colcon_core.package_identification:_identify(src/LRAE-ROS2/lrae_planner) by extensions ['colcon_pkg']
[0.287s] Level 1:colcon.colcon_core.package_identification:_identify(src/LRAE-ROS2/lrae_planner) by extension 'colcon_pkg'
[0.287s] Level 1:colcon.colcon_core.package_identification:_identify(src/LRAE-ROS2/lrae_planner) by extensions ['colcon_meta']
[0.287s] Level 1:colcon.colcon_core.package_identification:_identify(src/LRAE-ROS2/lrae_planner) by extension 'colcon_meta'
[0.287s] Level 1:colcon.colcon_core.package_identification:_identify(src/LRAE-ROS2/lrae_planner) by extensions ['ros']
[0.287s] Level 1:colcon.colcon_core.package_identification:_identify(src/LRAE-ROS2/lrae_planner) by extension 'ros'
[0.288s] DEBUG:colcon.colcon_core.package_identification:Package 'src/LRAE-ROS2/lrae_planner' with type 'ros.catkin' and name 'lrae_planner'
[0.288s] Level 1:colcon.colcon_core.package_identification:_identify(src/LRAE-ROS2/scout_simulator) by extensions ['ignore', 'ignore_ament_install']
[0.288s] Level 1:colcon.colcon_core.package_identification:_identify(src/LRAE-ROS2/scout_simulator) by extension 'ignore'
[0.288s] Level 1:colcon.colcon_core.package_identification:_identify(src/LRAE-ROS2/scout_simulator) by extension 'ignore_ament_install'
[0.288s] Level 1:colcon.colcon_core.package_identification:_identify(src/LRAE-ROS2/scout_simulator) by extensions ['colcon_pkg']
[0.288s] Level 1:colcon.colcon_core.package_identification:_identify(src/LRAE-ROS2/scout_simulator) by extension 'colcon_pkg'
[0.288s] Level 1:colcon.colcon_core.package_identification:_identify(src/LRAE-ROS2/scout_simulator) by extensions ['colcon_meta']
[0.288s] Level 1:colcon.colcon_core.package_identification:_identify(src/LRAE-ROS2/scout_simulator) by extension 'colcon_meta'
[0.288s] Level 1:colcon.colcon_core.package_identification:_identify(src/LRAE-ROS2/scout_simulator) by extensions ['ros']
[0.288s] Level 1:colcon.colcon_core.package_identification:_identify(src/LRAE-ROS2/scout_simulator) by extension 'ros'
[0.289s] Level 1:colcon.colcon_core.package_identification:_identify(src/LRAE-ROS2/scout_simulator) by extensions ['cmake', 'python']
[0.289s] Level 1:colcon.colcon_core.package_identification:_identify(src/LRAE-ROS2/scout_simulator) by extension 'cmake'
[0.289s] Level 1:colcon.colcon_core.package_identification:_identify(src/LRAE-ROS2/scout_simulator) by extension 'python'
[0.289s] Level 1:colcon.colcon_core.package_identification:_identify(src/LRAE-ROS2/scout_simulator) by extensions ['python_setup_py']
[0.289s] Level 1:colcon.colcon_core.package_identification:_identify(src/LRAE-ROS2/scout_simulator) by extension 'python_setup_py'
[0.289s] Level 1:colcon.colcon_core.package_identification:_identify(src/LRAE-ROS2/scout_simulator/image) by extensions ['ignore', 'ignore_ament_install']
[0.289s] Level 1:colcon.colcon_core.package_identification:_identify(src/LRAE-ROS2/scout_simulator/image) by extension 'ignore'
[0.289s] Level 1:colcon.colcon_core.package_identification:_identify(src/LRAE-ROS2/scout_simulator/image) by extension 'ignore_ament_install'
[0.289s] Level 1:colcon.colcon_core.package_identification:_identify(src/LRAE-ROS2/scout_simulator/image) by extensions ['colcon_pkg']
[0.289s] Level 1:colcon.colcon_core.package_identification:_identify(src/LRAE-ROS2/scout_simulator/image) by extension 'colcon_pkg'
[0.289s] Level 1:colcon.colcon_core.package_identification:_identify(src/LRAE-ROS2/scout_simulator/image) by extensions ['colcon_meta']
[0.289s] Level 1:colcon.colcon_core.package_identification:_identify(src/LRAE-ROS2/scout_simulator/image) by extension 'colcon_meta'
[0.289s] Level 1:colcon.colcon_core.package_identification:_identify(src/LRAE-ROS2/scout_simulator/image) by extensions ['ros']
[0.289s] Level 1:colcon.colcon_core.package_identification:_identify(src/LRAE-ROS2/scout_simulator/image) by extension 'ros'
[0.289s] Level 1:colcon.colcon_core.package_identification:_identify(src/LRAE-ROS2/scout_simulator/image) by extensions ['cmake', 'python']
[0.289s] Level 1:colcon.colcon_core.package_identification:_identify(src/LRAE-ROS2/scout_simulator/image) by extension 'cmake'
[0.289s] Level 1:colcon.colcon_core.package_identification:_identify(src/LRAE-ROS2/scout_simulator/image) by extension 'python'
[0.290s] Level 1:colcon.colcon_core.package_identification:_identify(src/LRAE-ROS2/scout_simulator/image) by extensions ['python_setup_py']
[0.290s] Level 1:colcon.colcon_core.package_identification:_identify(src/LRAE-ROS2/scout_simulator/image) by extension 'python_setup_py'
[0.290s] Level 1:colcon.colcon_core.package_identification:_identify(src/LRAE-ROS2/scout_simulator/scout_control) by extensions ['ignore', 'ignore_ament_install']
[0.290s] Level 1:colcon.colcon_core.package_identification:_identify(src/LRAE-ROS2/scout_simulator/scout_control) by extension 'ignore'
[0.290s] Level 1:colcon.colcon_core.package_identification:_identify(src/LRAE-ROS2/scout_simulator/scout_control) by extension 'ignore_ament_install'
[0.290s] Level 1:colcon.colcon_core.package_identification:_identify(src/LRAE-ROS2/scout_simulator/scout_control) by extensions ['colcon_pkg']
[0.290s] Level 1:colcon.colcon_core.package_identification:_identify(src/LRAE-ROS2/scout_simulator/scout_control) by extension 'colcon_pkg'
[0.290s] Level 1:colcon.colcon_core.package_identification:_identify(src/LRAE-ROS2/scout_simulator/scout_control) by extensions ['colcon_meta']
[0.290s] Level 1:colcon.colcon_core.package_identification:_identify(src/LRAE-ROS2/scout_simulator/scout_control) by extension 'colcon_meta'
[0.290s] Level 1:colcon.colcon_core.package_identification:_identify(src/LRAE-ROS2/scout_simulator/scout_control) by extensions ['ros']
[0.290s] Level 1:colcon.colcon_core.package_identification:_identify(src/LRAE-ROS2/scout_simulator/scout_control) by extension 'ros'
[0.291s] DEBUG:colcon.colcon_core.package_identification:Package 'src/LRAE-ROS2/scout_simulator/scout_control' with type 'ros.catkin' and name 'scout_control'
[0.291s] Level 1:colcon.colcon_core.package_identification:_identify(src/LRAE-ROS2/scout_simulator/scout_description) by extensions ['ignore', 'ignore_ament_install']
[0.291s] Level 1:colcon.colcon_core.package_identification:_identify(src/LRAE-ROS2/scout_simulator/scout_description) by extension 'ignore'
[0.291s] Level 1:colcon.colcon_core.package_identification:_identify(src/LRAE-ROS2/scout_simulator/scout_description) by extension 'ignore_ament_install'
[0.291s] Level 1:colcon.colcon_core.package_identification:_identify(src/LRAE-ROS2/scout_simulator/scout_description) by extensions ['colcon_pkg']
[0.291s] Level 1:colcon.colcon_core.package_identification:_identify(src/LRAE-ROS2/scout_simulator/scout_description) by extension 'colcon_pkg'
[0.291s] Level 1:colcon.colcon_core.package_identification:_identify(src/LRAE-ROS2/scout_simulator/scout_description) by extensions ['colcon_meta']
[0.291s] Level 1:colcon.colcon_core.package_identification:_identify(src/LRAE-ROS2/scout_simulator/scout_description) by extension 'colcon_meta'
[0.291s] Level 1:colcon.colcon_core.package_identification:_identify(src/LRAE-ROS2/scout_simulator/scout_description) by extensions ['ros']
[0.291s] Level 1:colcon.colcon_core.package_identification:_identify(src/LRAE-ROS2/scout_simulator/scout_description) by extension 'ros'
[0.292s] DEBUG:colcon.colcon_core.package_identification:Package 'src/LRAE-ROS2/scout_simulator/scout_description' with type 'ros.catkin' and name 'scout_description'
[0.292s] Level 1:colcon.colcon_core.package_identification:_identify(src/LRAE-ROS2/scout_simulator/scout_gazebo_sim) by extensions ['ignore', 'ignore_ament_install']
[0.292s] Level 1:colcon.colcon_core.package_identification:_identify(src/LRAE-ROS2/scout_simulator/scout_gazebo_sim) by extension 'ignore'
[0.292s] Level 1:colcon.colcon_core.package_identification:_identify(src/LRAE-ROS2/scout_simulator/scout_gazebo_sim) by extension 'ignore_ament_install'
[0.292s] Level 1:colcon.colcon_core.package_identification:_identify(src/LRAE-ROS2/scout_simulator/scout_gazebo_sim) by extensions ['colcon_pkg']
[0.292s] Level 1:colcon.colcon_core.package_identification:_identify(src/LRAE-ROS2/scout_simulator/scout_gazebo_sim) by extension 'colcon_pkg'
[0.292s] Level 1:colcon.colcon_core.package_identification:_identify(src/LRAE-ROS2/scout_simulator/scout_gazebo_sim) by extensions ['colcon_meta']
[0.293s] Level 1:colcon.colcon_core.package_identification:_identify(src/LRAE-ROS2/scout_simulator/scout_gazebo_sim) by extension 'colcon_meta'
[0.293s] Level 1:colcon.colcon_core.package_identification:_identify(src/LRAE-ROS2/scout_simulator/scout_gazebo_sim) by extensions ['ros']
[0.293s] Level 1:colcon.colcon_core.package_identification:_identify(src/LRAE-ROS2/scout_simulator/scout_gazebo_sim) by extension 'ros'
[0.293s] DEBUG:colcon.colcon_core.package_identification:Package 'src/LRAE-ROS2/scout_simulator/scout_gazebo_sim' with type 'ros.catkin' and name 'scout_gazebo_sim'
[0.294s] Level 1:colcon.colcon_core.package_identification:_identify(src/LRAE-ROS2/sensor_conversion) by extensions ['ignore', 'ignore_ament_install']
[0.294s] Level 1:colcon.colcon_core.package_identification:_identify(src/LRAE-ROS2/sensor_conversion) by extension 'ignore'
[0.294s] Level 1:colcon.colcon_core.package_identification:_identify(src/LRAE-ROS2/sensor_conversion) by extension 'ignore_ament_install'
[0.294s] Level 1:colcon.colcon_core.package_identification:_identify(src/LRAE-ROS2/sensor_conversion) by extensions ['colcon_pkg']
[0.294s] Level 1:colcon.colcon_core.package_identification:_identify(src/LRAE-ROS2/sensor_conversion) by extension 'colcon_pkg'
[0.294s] Level 1:colcon.colcon_core.package_identification:_identify(src/LRAE-ROS2/sensor_conversion) by extensions ['colcon_meta']
[0.294s] Level 1:colcon.colcon_core.package_identification:_identify(src/LRAE-ROS2/sensor_conversion) by extension 'colcon_meta'
[0.294s] Level 1:colcon.colcon_core.package_identification:_identify(src/LRAE-ROS2/sensor_conversion) by extensions ['ros']
[0.294s] Level 1:colcon.colcon_core.package_identification:_identify(src/LRAE-ROS2/sensor_conversion) by extension 'ros'
[0.295s] DEBUG:colcon.colcon_core.package_identification:Failed to parse potential ROS package manifest in'src/LRAE-ROS2/sensor_conversion': Error(s) in package 'src/LRAE-ROS2/sensor_conversion/package.xml':
Error(s):
- The generic dependency on 'rclcpp' is redundant with: exec_depend
- The generic dependency on 'geometry_msgs' is redundant with: exec_depend
- The generic dependency on 'message_filters' is redundant with: exec_depend
- The generic dependency on 'nav_msgs' is redundant with: exec_depend
- The generic dependency on 'pcl_ros' is redundant with: exec_depend
- The generic dependency on 'sensor_msgs' is redundant with: exec_depend
- The generic dependency on 'std_msgs' is redundant with: exec_depend
- The generic dependency on 'tf2' is redundant with: exec_depend
- The generic dependency on 'tf2_ros' is redundant with: exec_depend
- The generic dependency on 'tf2_geometry_msgs' is redundant with: exec_depend
[0.295s] Level 1:colcon.colcon_core.package_identification:_identify(src/LRAE-ROS2/sensor_conversion) by extensions ['cmake', 'python']
[0.295s] Level 1:colcon.colcon_core.package_identification:_identify(src/LRAE-ROS2/sensor_conversion) by extension 'cmake'
[0.297s] Level 1:colcon.colcon_core.package_identification:_identify(src/LRAE-ROS2/sensor_conversion) by extension 'python'
[0.297s] DEBUG:colcon.colcon_core.package_identification:Package 'src/LRAE-ROS2/sensor_conversion' with type 'cmake' and name 'sensor_conversion'
[0.297s] Level 1:colcon.colcon_core.package_identification:_identify(src/LRAE-ROS2/simworld) by extensions ['ignore', 'ignore_ament_install']
[0.297s] Level 1:colcon.colcon_core.package_identification:_identify(src/LRAE-ROS2/simworld) by extension 'ignore'
[0.297s] Level 1:colcon.colcon_core.package_identification:_identify(src/LRAE-ROS2/simworld) by extension 'ignore_ament_install'
[0.297s] Level 1:colcon.colcon_core.package_identification:_identify(src/LRAE-ROS2/simworld) by extensions ['colcon_pkg']
[0.297s] Level 1:colcon.colcon_core.package_identification:_identify(src/LRAE-ROS2/simworld) by extension 'colcon_pkg'
[0.297s] Level 1:colcon.colcon_core.package_identification:_identify(src/LRAE-ROS2/simworld) by extensions ['colcon_meta']
[0.297s] Level 1:colcon.colcon_core.package_identification:_identify(src/LRAE-ROS2/simworld) by extension 'colcon_meta'
[0.297s] Level 1:colcon.colcon_core.package_identification:_identify(src/LRAE-ROS2/simworld) by extensions ['ros']
[0.297s] Level 1:colcon.colcon_core.package_identification:_identify(src/LRAE-ROS2/simworld) by extension 'ros'
[0.298s] DEBUG:colcon.colcon_core.package_identification:Package 'src/LRAE-ROS2/simworld' with type 'ros.catkin' and name 'simworld'
[0.298s] Level 1:colcon.colcon_core.package_discovery:discover_packages(recursive) using defaults
[0.298s] Level 1:colcon.colcon_core.package_discovery:discover_packages(ignore) discover
[0.298s] Level 1:colcon.colcon_core.package_discovery:discover_packages(ignore) using defaults
[0.298s] Level 1:colcon.colcon_core.package_discovery:discover_packages(path) discover
[0.298s] Level 1:colcon.colcon_core.package_discovery:discover_packages(path) using defaults
[0.318s] INFO:colcon.colcon_core.package_selection:Skipping not selected package 'fitplane' in 'src/LRAE-ROS2/fitplane'
[0.318s] INFO:colcon.colcon_core.package_selection:Skipping not selected package 'gen_local_goal' in 'src/LRAE-ROS2/gen_local_goal'
[0.318s] INFO:colcon.colcon_core.package_selection:Skipping not selected package 'local_planner' in 'src/LRAE-ROS2/local_planner'
[0.318s] INFO:colcon.colcon_core.package_selection:Skipping not selected package 'lrae_planner' in 'src/LRAE-ROS2/lrae_planner'
[0.318s] INFO:colcon.colcon_core.package_selection:Skipping not selected package 'scout_control' in 'src/LRAE-ROS2/scout_simulator/scout_control'
[0.318s] INFO:colcon.colcon_core.package_selection:Skipping not selected package 'scout_description' in 'src/LRAE-ROS2/scout_simulator/scout_description'
[0.318s] INFO:colcon.colcon_core.package_selection:Skipping not selected package 'simworld' in 'src/LRAE-ROS2/simworld'
[0.318s] INFO:colcon.colcon_core.package_selection:Skipping not selected package 'scout_gazebo_sim' in 'src/LRAE-ROS2/scout_simulator/scout_gazebo_sim'
[0.319s] Level 1:colcon.colcon_core.package_discovery:discover_packages(prefix_path) check parameters
[0.319s] Level 1:colcon.colcon_core.package_discovery:discover_packages(prefix_path) discover
[0.322s] DEBUG:colcon.colcon_installed_package_information.package_discovery:Found 272 installed packages in /opt/ros/humble
[0.335s] Level 1:colcon.colcon_core.package_discovery:discover_packages(prefix_path) using defaults
[0.370s] Level 5:colcon.colcon_core.verb:set package 'sensor_conversion' build argument 'cmake_args' from command line to 'None'
[0.370s] Level 5:colcon.colcon_core.verb:set package 'sensor_conversion' build argument 'cmake_target' from command line to 'None'
[0.370s] Level 5:colcon.colcon_core.verb:set package 'sensor_conversion' build argument 'cmake_target_skip_unavailable' from command line to 'False'
[0.370s] Level 5:colcon.colcon_core.verb:set package 'sensor_conversion' build argument 'cmake_clean_cache' from command line to 'False'
[0.370s] Level 5:colcon.colcon_core.verb:set package 'sensor_conversion' build argument 'cmake_clean_first' from command line to 'False'
[0.370s] Level 5:colcon.colcon_core.verb:set package 'sensor_conversion' build argument 'cmake_force_configure' from command line to 'False'
[0.370s] Level 5:colcon.colcon_core.verb:set package 'sensor_conversion' build argument 'ament_cmake_args' from command line to 'None'
[0.370s] Level 5:colcon.colcon_core.verb:set package 'sensor_conversion' build argument 'catkin_cmake_args' from command line to 'None'
[0.370s] Level 5:colcon.colcon_core.verb:set package 'sensor_conversion' build argument 'catkin_skip_building_tests' from command line to 'False'
[0.370s] DEBUG:colcon.colcon_core.verb:Building package 'sensor_conversion' with the following arguments: {'ament_cmake_args': None, 'build_base': '/home/jacklenolee/LRAE_WS/build/sensor_conversion', 'catkin_cmake_args': None, 'catkin_skip_building_tests': False, 'cmake_args': None, 'cmake_clean_cache': False, 'cmake_clean_first': False, 'cmake_force_configure': False, 'cmake_target': None, 'cmake_target_skip_unavailable': False, 'install_base': '/home/jacklenolee/LRAE_WS/install/sensor_conversion', 'merge_install': False, 'path': '/home/jacklenolee/LRAE_WS/src/LRAE-ROS2/sensor_conversion', 'symlink_install': False, 'test_result_base': None}
[0.370s] INFO:colcon.colcon_core.executor:Executing jobs using 'parallel' executor
[0.371s] DEBUG:colcon.colcon_parallel_executor.executor.parallel:run_until_complete
[0.372s] INFO:colcon.colcon_cmake.task.cmake.build:Building CMake package in '/home/jacklenolee/LRAE_WS/src/LRAE-ROS2/sensor_conversion'
[0.375s] INFO:colcon.colcon_core.plugin_system:Skipping extension 'colcon_core.shell.bat': Not used on non-Windows systems
[0.375s] INFO:colcon.colcon_core.shell:Skip shell extension 'powershell' for command environment: Not usable outside of PowerShell
[0.375s] DEBUG:colcon.colcon_core.shell:Skip shell extension 'dsv' for command environment
[0.389s] DEBUG:colcon.colcon_core.event_handler.log_command:Invoking command in '/home/jacklenolee/LRAE_WS/build/sensor_conversion': /usr/bin/cmake /home/jacklenolee/LRAE_WS/src/LRAE-ROS2/sensor_conversion -DCMAKE_INSTALL_PREFIX=/home/jacklenolee/LRAE_WS/install/sensor_conversion
[2.170s] DEBUG:colcon.colcon_core.event_handler.log_command:Invoked command in '/home/jacklenolee/LRAE_WS/build/sensor_conversion' returned '1': /usr/bin/cmake /home/jacklenolee/LRAE_WS/src/LRAE-ROS2/sensor_conversion -DCMAKE_INSTALL_PREFIX=/home/jacklenolee/LRAE_WS/install/sensor_conversion
[2.181s] DEBUG:colcon.colcon_parallel_executor.executor.parallel:closing loop
[2.181s] DEBUG:colcon.colcon_parallel_executor.executor.parallel:loop closed
[2.181s] DEBUG:colcon.colcon_parallel_executor.executor.parallel:run_until_complete finished with '1'
[2.181s] DEBUG:colcon.colcon_core.event_reactor:joining thread
[2.188s] INFO:colcon.colcon_core.plugin_system:Skipping extension 'colcon_notification.desktop_notification.terminal_notifier': Not used on non-Darwin systems
[2.188s] INFO:colcon.colcon_core.plugin_system:Skipping extension 'colcon_notification.desktop_notification.win32': Not used on non-Windows systems
[2.188s] INFO:colcon.colcon_notification.desktop_notification:Sending desktop notification using 'notify2'
[2.204s] DEBUG:colcon.colcon_core.event_reactor:joined thread
[2.205s] INFO:colcon.colcon_core.shell:Creating prefix script '/home/jacklenolee/LRAE_WS/install/local_setup.ps1'
[2.206s] INFO:colcon.colcon_core.shell:Creating prefix util module '/home/jacklenolee/LRAE_WS/install/_local_setup_util_ps1.py'
[2.207s] INFO:colcon.colcon_core.shell:Creating prefix chain script '/home/jacklenolee/LRAE_WS/install/setup.ps1'
[2.208s] INFO:colcon.colcon_core.shell:Creating prefix script '/home/jacklenolee/LRAE_WS/install/local_setup.sh'
[2.209s] INFO:colcon.colcon_core.shell:Creating prefix util module '/home/jacklenolee/LRAE_WS/install/_local_setup_util_sh.py'
[2.211s] INFO:colcon.colcon_core.shell:Creating prefix chain script '/home/jacklenolee/LRAE_WS/install/setup.sh'
[2.212s] INFO:colcon.colcon_core.shell:Creating prefix script '/home/jacklenolee/LRAE_WS/install/local_setup.bash'
[2.212s] INFO:colcon.colcon_core.shell:Creating prefix chain script '/home/jacklenolee/LRAE_WS/install/setup.bash'
[2.213s] INFO:colcon.colcon_core.shell:Creating prefix script '/home/jacklenolee/LRAE_WS/install/local_setup.zsh'
[2.214s] INFO:colcon.colcon_core.shell:Creating prefix chain script '/home/jacklenolee/LRAE_WS/install/setup.zsh'
