[0.016s] Invoking command in '/home/jacklenolee/LRAE_WS/build/sensor_conversion': /usr/bin/cmake /home/jacklenolee/LRAE_WS/src/LRAE-ROS2/sensor_conversion -DCMAKE_INSTALL_PREFIX=/home/jacklenolee/LRAE_WS/install/sensor_conversion
[0.031s] -- Found ament_cmake: 1.3.11 (/opt/ros/humble/share/ament_cmake/cmake)
[0.166s] -- Found message_filters: 4.3.5 (/opt/ros/humble/share/message_filters/cmake)
[0.196s] -- Found rosidl_generator_c: 3.1.6 (/opt/ros/humble/share/rosidl_generator_c/cmake)
[0.198s] -- Found rosidl_adapter: 3.1.6 (/opt/ros/humble/share/rosidl_adapter/cmake)
[0.204s] -- Found rosidl_generator_cpp: 3.1.6 (/opt/ros/humble/share/rosidl_generator_cpp/cmake)
[0.214s] -- Using all available rosidl_typesupport_c: rosidl_typesupport_fastrtps_c;rosidl_typesupport_introspection_c
[0.226s] -- Using all available rosidl_typesupport_cpp: rosidl_typesupport_fastrtps_cpp;rosidl_typesupport_introspection_cpp
[0.259s] -- Found rmw_implementation_cmake: 6.1.2 (/opt/ros/humble/share/rmw_implementation_cmake/cmake)
[0.260s] -- Found rmw_fastrtps_cpp: 6.2.7 (/opt/ros/humble/share/rmw_fastrtps_cpp/cmake)
[0.377s] -- Using RMW implementation 'rmw_fastrtps_cpp' as default
[0.429s] -- Found geometry_msgs: 4.2.4 (/opt/ros/humble/share/geometry_msgs/cmake)
[0.443s] -- Found nav_msgs: 4.2.4 (/opt/ros/humble/share/nav_msgs/cmake)
[0.459s] -- Found pcl_ros: 2.4.5 (/opt/ros/humble/share/pcl_ros/cmake)
[0.518s] -- Eigen found (include: /usr/include/eigen3, version: 3.4.0)
[0.554s] -- FLANN found (include: /usr/include, lib: /usr/lib/x86_64-linux-gnu/libflann_cpp.so)
[0.892s] -- OpenNI found (version: 1.5.4.0, include: /usr/include/ni, lib: /usr/lib/libOpenNI.so;libusb::libusb)
[0.899s] -- OpenNI2 found (version: 2.2.0.33, include: /usr/include/openni2, lib: /usr/lib/x86_64-linux-gnu/libOpenNI2.so;libusb::libusb)
[1.061s] -- Eigen found (include: /usr/include/eigen3, version: 3.4.0)
[1.069s] -- OpenNI found (version: 1.5.4.0, include: /usr/include/ni, lib: /usr/lib/libOpenNI.so;libusb::libusb)
[1.079s] -- OpenNI2 found (version: 2.2.0.33, include: /usr/include/openni2, lib: /usr/lib/x86_64-linux-gnu/libOpenNI2.so;libusb::libusb)
[1.237s] -- Found Qhull version 8.0.2
[1.401s] -- OpenNI found (version: 1.5.4.0, include: /usr/include/ni, lib: /usr/lib/libOpenNI.so;libusb::libusb)
[1.577s] -- Found eigen3_cmake_module: 0.1.1 (/opt/ros/humble/share/eigen3_cmake_module/cmake)
[1.579s] -- Ensuring Eigen3 include directory is part of orocos-kdl CMake target
[1.713s] Error parsing '/home/jacklenolee/LRAE_WS/src/LRAE-ROS2/sensor_conversion/package.xml':
[1.761s] Traceback (most recent call last):
[1.762s]   File "/opt/ros/humble/share/ament_cmake_core/cmake/core/package_xml_2_cmake.py", line 150, in <module>
[1.762s]     main()
[1.762s]   File "/opt/ros/humble/share/ament_cmake_core/cmake/core/package_xml_2_cmake.py", line 53, in main
[1.762s]     raise e
[1.762s]   File "/opt/ros/humble/share/ament_cmake_core/cmake/core/package_xml_2_cmake.py", line 49, in main
[1.762s]     package = parse_package_string(
[1.762s]   File "/usr/lib/python3/dist-packages/catkin_pkg/package.py", line 786, in parse_package_string
[1.762s]     raise InvalidPackage('Error(s):%s' % (''.join(['\n- %s' % e for e in errors])), filename)
[1.762s] catkin_pkg.package.InvalidPackage: Error(s) in package '/home/jacklenolee/LRAE_WS/src/LRAE-ROS2/sensor_conversion/package.xml':
[1.762s] Error(s):
[1.762s] - The generic dependency on 'rclcpp' is redundant with: exec_depend
[1.762s] - The generic dependency on 'geometry_msgs' is redundant with: exec_depend
[1.762s] - The generic dependency on 'message_filters' is redundant with: exec_depend
[1.762s] - The generic dependency on 'nav_msgs' is redundant with: exec_depend
[1.762s] - The generic dependency on 'pcl_ros' is redundant with: exec_depend
[1.762s] - The generic dependency on 'sensor_msgs' is redundant with: exec_depend
[1.762s] - The generic dependency on 'std_msgs' is redundant with: exec_depend
[1.762s] - The generic dependency on 'tf2' is redundant with: exec_depend
[1.763s] - The generic dependency on 'tf2_ros' is redundant with: exec_depend
[1.763s] - The generic dependency on 'tf2_geometry_msgs' is redundant with: exec_depend
[1.777s] [31mCMake Error at /opt/ros/humble/share/ament_cmake_core/cmake/core/ament_package_xml.cmake:95 (message):
[1.777s]   execute_process(/usr/bin/python3
[1.778s]   /opt/ros/humble/share/ament_cmake_core/cmake/core/package_xml_2_cmake.py
[1.778s]   /home/jacklenolee/LRAE_WS/src/LRAE-ROS2/sensor_conversion/package.xml
[1.778s]   /home/jacklenolee/LRAE_WS/build/sensor_conversion/ament_cmake_core/package.cmake)
[1.778s]   returned error code 1
[1.778s] Call Stack (most recent call first):
[1.778s]   /opt/ros/humble/share/ament_cmake_core/cmake/core/ament_package_xml.cmake:49 (_ament_package_xml)
[1.778s]   /opt/ros/humble/share/ament_cmake_core/cmake/core/ament_package.cmake:63 (ament_package_xml)
[1.778s]   CMakeLists.txt:65 (ament_package)
[1.778s] 
[1.778s] [0m
[1.778s] -- Configuring incomplete, errors occurred!
[1.778s] See also "/home/jacklenolee/LRAE_WS/build/sensor_conversion/CMakeFiles/CMakeOutput.log".
[1.797s] Invoked command in '/home/jacklenolee/LRAE_WS/build/sensor_conversion' returned '1': /usr/bin/cmake /home/jacklenolee/LRAE_WS/src/LRAE-ROS2/sensor_conversion -DCMAKE_INSTALL_PREFIX=/home/jacklenolee/LRAE_WS/install/sensor_conversion
