[0.120s] DEBUG:colcon:Command line arguments: ['/usr/bin/colcon', 'list', '-p', '--base-paths', '/home/jacklenolee/LRAE_WS']
[0.120s] DEBUG:colcon:Parsed command line arguments: Namespace(log_base=None, log_level=None, verb_name='list', build_base='build', ignore_user_meta=False, metas=['./colcon.meta'], base_paths=['/home/jacklenolee/LRAE_WS'], packages_ignore=None, packages_ignore_regex=None, paths=None, packages_up_to=None, packages_up_to_regex=None, packages_above=None, packages_above_and_dependencies=None, packages_above_depth=None, packages_select_by_dep=None, packages_skip_by_dep=None, packages_skip_up_to=None, packages_select_build_failed=False, packages_skip_build_finished=False, packages_select_test_failures=False, packages_skip_test_passed=False, packages_select=None, packages_skip=None, packages_select_regex=None, packages_skip_regex=None, packages_start=None, packages_end=None, allow_overriding=[], topological_order=False, names_only=False, paths_only=True, topological_graph=False, topological_graph_dot=False, topological_graph_density=False, topological_graph_legend=False, topological_graph_dot_cluster=False, topological_graph_dot_include_skipped=False, verb_parser=<colcon_defaults.argument_parser.defaults.DefaultArgumentsDecorator object at 0x7f69384372e0>, verb_extension=<colcon_package_information.verb.list.ListVerb object at 0x7f69384363b0>, main=<bound method ListVerb.main of <colcon_package_information.verb.list.ListVerb object at 0x7f69384363b0>>)
[0.284s] Level 1:colcon.colcon_core.package_discovery:discover_packages(colcon_meta) check parameters
[0.284s] Level 1:colcon.colcon_core.package_discovery:discover_packages(recursive) check parameters
[0.284s] Level 1:colcon.colcon_core.package_discovery:discover_packages(ignore) check parameters
[0.285s] Level 1:colcon.colcon_core.package_discovery:discover_packages(path) check parameters
[0.285s] Level 1:colcon.colcon_core.package_discovery:discover_packages(recursive) discover
[0.285s] INFO:colcon.colcon_core.package_discovery:Crawling recursively for packages in '/home/jacklenolee/LRAE_WS'
[0.285s] Level 1:colcon.colcon_core.package_identification:_identify(/home/jacklenolee/LRAE_WS) by extensions ['ignore', 'ignore_ament_install']
[0.286s] Level 1:colcon.colcon_core.package_identification:_identify(/home/jacklenolee/LRAE_WS) by extension 'ignore'
[0.286s] Level 1:colcon.colcon_core.package_identification:_identify(/home/jacklenolee/LRAE_WS) by extension 'ignore_ament_install'
[0.286s] Level 1:colcon.colcon_core.package_identification:_identify(/home/jacklenolee/LRAE_WS) by extensions ['colcon_pkg']
[0.286s] Level 1:colcon.colcon_core.package_identification:_identify(/home/jacklenolee/LRAE_WS) by extension 'colcon_pkg'
[0.286s] Level 1:colcon.colcon_core.package_identification:_identify(/home/jacklenolee/LRAE_WS) by extensions ['colcon_meta']
[0.286s] Level 1:colcon.colcon_core.package_identification:_identify(/home/jacklenolee/LRAE_WS) by extension 'colcon_meta'
[0.287s] Level 1:colcon.colcon_core.package_identification:_identify(/home/jacklenolee/LRAE_WS) by extensions ['ros']
[0.287s] Level 1:colcon.colcon_core.package_identification:_identify(/home/jacklenolee/LRAE_WS) by extension 'ros'
[0.298s] Level 1:colcon.colcon_core.package_identification:_identify(/home/jacklenolee/LRAE_WS) by extensions ['cmake', 'python']
[0.298s] Level 1:colcon.colcon_core.package_identification:_identify(/home/jacklenolee/LRAE_WS) by extension 'cmake'
[0.298s] Level 1:colcon.colcon_core.package_identification:_identify(/home/jacklenolee/LRAE_WS) by extension 'python'
[0.298s] Level 1:colcon.colcon_core.package_identification:_identify(/home/jacklenolee/LRAE_WS) by extensions ['python_setup_py']
[0.299s] Level 1:colcon.colcon_core.package_identification:_identify(/home/jacklenolee/LRAE_WS) by extension 'python_setup_py'
[0.299s] Level 1:colcon.colcon_core.package_identification:_identify(/home/jacklenolee/LRAE_WS/build) by extensions ['ignore', 'ignore_ament_install']
[0.299s] Level 1:colcon.colcon_core.package_identification:_identify(/home/jacklenolee/LRAE_WS/build) by extension 'ignore'
[0.299s] Level 1:colcon.colcon_core.package_identification:_identify(/home/jacklenolee/LRAE_WS/build) ignored
[0.299s] Level 1:colcon.colcon_core.package_identification:_identify(/home/jacklenolee/LRAE_WS/install) by extensions ['ignore', 'ignore_ament_install']
[0.299s] Level 1:colcon.colcon_core.package_identification:_identify(/home/jacklenolee/LRAE_WS/install) by extension 'ignore'
[0.299s] Level 1:colcon.colcon_core.package_identification:_identify(/home/jacklenolee/LRAE_WS/install) ignored
[0.299s] Level 1:colcon.colcon_core.package_identification:_identify(/home/jacklenolee/LRAE_WS/log) by extensions ['ignore', 'ignore_ament_install']
[0.300s] Level 1:colcon.colcon_core.package_identification:_identify(/home/jacklenolee/LRAE_WS/log) by extension 'ignore'
[0.300s] Level 1:colcon.colcon_core.package_identification:_identify(/home/jacklenolee/LRAE_WS/log) ignored
[0.300s] Level 1:colcon.colcon_core.package_identification:_identify(/home/jacklenolee/LRAE_WS/src) by extensions ['ignore', 'ignore_ament_install']
[0.300s] Level 1:colcon.colcon_core.package_identification:_identify(/home/jacklenolee/LRAE_WS/src) by extension 'ignore'
[0.300s] Level 1:colcon.colcon_core.package_identification:_identify(/home/jacklenolee/LRAE_WS/src) by extension 'ignore_ament_install'
[0.300s] Level 1:colcon.colcon_core.package_identification:_identify(/home/jacklenolee/LRAE_WS/src) by extensions ['colcon_pkg']
[0.300s] Level 1:colcon.colcon_core.package_identification:_identify(/home/jacklenolee/LRAE_WS/src) by extension 'colcon_pkg'
[0.300s] Level 1:colcon.colcon_core.package_identification:_identify(/home/jacklenolee/LRAE_WS/src) by extensions ['colcon_meta']
[0.300s] Level 1:colcon.colcon_core.package_identification:_identify(/home/jacklenolee/LRAE_WS/src) by extension 'colcon_meta'
[0.300s] Level 1:colcon.colcon_core.package_identification:_identify(/home/jacklenolee/LRAE_WS/src) by extensions ['ros']
[0.300s] Level 1:colcon.colcon_core.package_identification:_identify(/home/jacklenolee/LRAE_WS/src) by extension 'ros'
[0.300s] Level 1:colcon.colcon_core.package_identification:_identify(/home/jacklenolee/LRAE_WS/src) by extensions ['cmake', 'python']
[0.300s] Level 1:colcon.colcon_core.package_identification:_identify(/home/jacklenolee/LRAE_WS/src) by extension 'cmake'
[0.300s] Level 1:colcon.colcon_core.package_identification:_identify(/home/jacklenolee/LRAE_WS/src) by extension 'python'
[0.300s] Level 1:colcon.colcon_core.package_identification:_identify(/home/jacklenolee/LRAE_WS/src) by extensions ['python_setup_py']
[0.300s] Level 1:colcon.colcon_core.package_identification:_identify(/home/jacklenolee/LRAE_WS/src) by extension 'python_setup_py'
[0.300s] Level 1:colcon.colcon_core.package_identification:_identify(/home/jacklenolee/LRAE_WS/src/LRAE-ROS2) by extensions ['ignore', 'ignore_ament_install']
[0.301s] Level 1:colcon.colcon_core.package_identification:_identify(/home/jacklenolee/LRAE_WS/src/LRAE-ROS2) by extension 'ignore'
[0.301s] Level 1:colcon.colcon_core.package_identification:_identify(/home/jacklenolee/LRAE_WS/src/LRAE-ROS2) by extension 'ignore_ament_install'
[0.301s] Level 1:colcon.colcon_core.package_identification:_identify(/home/jacklenolee/LRAE_WS/src/LRAE-ROS2) by extensions ['colcon_pkg']
[0.301s] Level 1:colcon.colcon_core.package_identification:_identify(/home/jacklenolee/LRAE_WS/src/LRAE-ROS2) by extension 'colcon_pkg'
[0.301s] Level 1:colcon.colcon_core.package_identification:_identify(/home/jacklenolee/LRAE_WS/src/LRAE-ROS2) by extensions ['colcon_meta']
[0.301s] Level 1:colcon.colcon_core.package_identification:_identify(/home/jacklenolee/LRAE_WS/src/LRAE-ROS2) by extension 'colcon_meta'
[0.301s] Level 1:colcon.colcon_core.package_identification:_identify(/home/jacklenolee/LRAE_WS/src/LRAE-ROS2) by extensions ['ros']
[0.301s] Level 1:colcon.colcon_core.package_identification:_identify(/home/jacklenolee/LRAE_WS/src/LRAE-ROS2) by extension 'ros'
[0.301s] Level 1:colcon.colcon_core.package_identification:_identify(/home/jacklenolee/LRAE_WS/src/LRAE-ROS2) by extensions ['cmake', 'python']
[0.301s] Level 1:colcon.colcon_core.package_identification:_identify(/home/jacklenolee/LRAE_WS/src/LRAE-ROS2) by extension 'cmake'
[0.301s] Level 1:colcon.colcon_core.package_identification:_identify(/home/jacklenolee/LRAE_WS/src/LRAE-ROS2) by extension 'python'
[0.301s] Level 1:colcon.colcon_core.package_identification:_identify(/home/jacklenolee/LRAE_WS/src/LRAE-ROS2) by extensions ['python_setup_py']
[0.301s] Level 1:colcon.colcon_core.package_identification:_identify(/home/jacklenolee/LRAE_WS/src/LRAE-ROS2) by extension 'python_setup_py'
[0.301s] Level 1:colcon.colcon_core.package_identification:_identify(/home/jacklenolee/LRAE_WS/src/LRAE-ROS2/fitplane) by extensions ['ignore', 'ignore_ament_install']
[0.301s] Level 1:colcon.colcon_core.package_identification:_identify(/home/jacklenolee/LRAE_WS/src/LRAE-ROS2/fitplane) by extension 'ignore'
[0.301s] Level 1:colcon.colcon_core.package_identification:_identify(/home/jacklenolee/LRAE_WS/src/LRAE-ROS2/fitplane) by extension 'ignore_ament_install'
[0.302s] Level 1:colcon.colcon_core.package_identification:_identify(/home/jacklenolee/LRAE_WS/src/LRAE-ROS2/fitplane) by extensions ['colcon_pkg']
[0.302s] Level 1:colcon.colcon_core.package_identification:_identify(/home/jacklenolee/LRAE_WS/src/LRAE-ROS2/fitplane) by extension 'colcon_pkg'
[0.302s] Level 1:colcon.colcon_core.package_identification:_identify(/home/jacklenolee/LRAE_WS/src/LRAE-ROS2/fitplane) by extensions ['colcon_meta']
[0.302s] Level 1:colcon.colcon_core.package_identification:_identify(/home/jacklenolee/LRAE_WS/src/LRAE-ROS2/fitplane) by extension 'colcon_meta'
[0.302s] Level 1:colcon.colcon_core.package_identification:_identify(/home/jacklenolee/LRAE_WS/src/LRAE-ROS2/fitplane) by extensions ['ros']
[0.302s] Level 1:colcon.colcon_core.package_identification:_identify(/home/jacklenolee/LRAE_WS/src/LRAE-ROS2/fitplane) by extension 'ros'
[0.307s] DEBUG:colcon.colcon_core.package_identification:Package '/home/jacklenolee/LRAE_WS/src/LRAE-ROS2/fitplane' with type 'ros.ament_cmake' and name 'fitplane'
[0.307s] Level 1:colcon.colcon_core.package_identification:_identify(/home/jacklenolee/LRAE_WS/src/LRAE-ROS2/gen_local_goal) by extensions ['ignore', 'ignore_ament_install']
[0.307s] Level 1:colcon.colcon_core.package_identification:_identify(/home/jacklenolee/LRAE_WS/src/LRAE-ROS2/gen_local_goal) by extension 'ignore'
[0.307s] Level 1:colcon.colcon_core.package_identification:_identify(/home/jacklenolee/LRAE_WS/src/LRAE-ROS2/gen_local_goal) by extension 'ignore_ament_install'
[0.308s] Level 1:colcon.colcon_core.package_identification:_identify(/home/jacklenolee/LRAE_WS/src/LRAE-ROS2/gen_local_goal) by extensions ['colcon_pkg']
[0.308s] Level 1:colcon.colcon_core.package_identification:_identify(/home/jacklenolee/LRAE_WS/src/LRAE-ROS2/gen_local_goal) by extension 'colcon_pkg'
[0.308s] Level 1:colcon.colcon_core.package_identification:_identify(/home/jacklenolee/LRAE_WS/src/LRAE-ROS2/gen_local_goal) by extensions ['colcon_meta']
[0.308s] Level 1:colcon.colcon_core.package_identification:_identify(/home/jacklenolee/LRAE_WS/src/LRAE-ROS2/gen_local_goal) by extension 'colcon_meta'
[0.308s] Level 1:colcon.colcon_core.package_identification:_identify(/home/jacklenolee/LRAE_WS/src/LRAE-ROS2/gen_local_goal) by extensions ['ros']
[0.308s] Level 1:colcon.colcon_core.package_identification:_identify(/home/jacklenolee/LRAE_WS/src/LRAE-ROS2/gen_local_goal) by extension 'ros'
[0.308s] DEBUG:colcon.colcon_core.package_identification:Package '/home/jacklenolee/LRAE_WS/src/LRAE-ROS2/gen_local_goal' with type 'ros.catkin' and name 'gen_local_goal'
[0.310s] Level 1:colcon.colcon_core.package_identification:_identify(/home/jacklenolee/LRAE_WS/src/LRAE-ROS2/local_planner) by extensions ['ignore', 'ignore_ament_install']
[0.310s] Level 1:colcon.colcon_core.package_identification:_identify(/home/jacklenolee/LRAE_WS/src/LRAE-ROS2/local_planner) by extension 'ignore'
[0.310s] Level 1:colcon.colcon_core.package_identification:_identify(/home/jacklenolee/LRAE_WS/src/LRAE-ROS2/local_planner) by extension 'ignore_ament_install'
[0.310s] Level 1:colcon.colcon_core.package_identification:_identify(/home/jacklenolee/LRAE_WS/src/LRAE-ROS2/local_planner) by extensions ['colcon_pkg']
[0.310s] Level 1:colcon.colcon_core.package_identification:_identify(/home/jacklenolee/LRAE_WS/src/LRAE-ROS2/local_planner) by extension 'colcon_pkg'
[0.310s] Level 1:colcon.colcon_core.package_identification:_identify(/home/jacklenolee/LRAE_WS/src/LRAE-ROS2/local_planner) by extensions ['colcon_meta']
[0.310s] Level 1:colcon.colcon_core.package_identification:_identify(/home/jacklenolee/LRAE_WS/src/LRAE-ROS2/local_planner) by extension 'colcon_meta'
[0.311s] Level 1:colcon.colcon_core.package_identification:_identify(/home/jacklenolee/LRAE_WS/src/LRAE-ROS2/local_planner) by extensions ['ros']
[0.311s] Level 1:colcon.colcon_core.package_identification:_identify(/home/jacklenolee/LRAE_WS/src/LRAE-ROS2/local_planner) by extension 'ros'
[0.312s] DEBUG:colcon.colcon_core.package_identification:Package '/home/jacklenolee/LRAE_WS/src/LRAE-ROS2/local_planner' with type 'ros.ament_cmake' and name 'local_planner'
[0.316s] Level 1:colcon.colcon_core.package_identification:_identify(/home/jacklenolee/LRAE_WS/src/LRAE-ROS2/lrae_planner) by extensions ['ignore', 'ignore_ament_install']
[0.316s] Level 1:colcon.colcon_core.package_identification:_identify(/home/jacklenolee/LRAE_WS/src/LRAE-ROS2/lrae_planner) by extension 'ignore'
[0.316s] Level 1:colcon.colcon_core.package_identification:_identify(/home/jacklenolee/LRAE_WS/src/LRAE-ROS2/lrae_planner) by extension 'ignore_ament_install'
[0.316s] Level 1:colcon.colcon_core.package_identification:_identify(/home/jacklenolee/LRAE_WS/src/LRAE-ROS2/lrae_planner) by extensions ['colcon_pkg']
[0.316s] Level 1:colcon.colcon_core.package_identification:_identify(/home/jacklenolee/LRAE_WS/src/LRAE-ROS2/lrae_planner) by extension 'colcon_pkg'
[0.317s] Level 1:colcon.colcon_core.package_identification:_identify(/home/jacklenolee/LRAE_WS/src/LRAE-ROS2/lrae_planner) by extensions ['colcon_meta']
[0.317s] Level 1:colcon.colcon_core.package_identification:_identify(/home/jacklenolee/LRAE_WS/src/LRAE-ROS2/lrae_planner) by extension 'colcon_meta'
[0.317s] Level 1:colcon.colcon_core.package_identification:_identify(/home/jacklenolee/LRAE_WS/src/LRAE-ROS2/lrae_planner) by extensions ['ros']
[0.317s] Level 1:colcon.colcon_core.package_identification:_identify(/home/jacklenolee/LRAE_WS/src/LRAE-ROS2/lrae_planner) by extension 'ros'
[0.318s] DEBUG:colcon.colcon_core.package_identification:Package '/home/jacklenolee/LRAE_WS/src/LRAE-ROS2/lrae_planner' with type 'ros.catkin' and name 'lrae_planner'
[0.318s] Level 1:colcon.colcon_core.package_identification:_identify(/home/jacklenolee/LRAE_WS/src/LRAE-ROS2/scout_simulator) by extensions ['ignore', 'ignore_ament_install']
[0.318s] Level 1:colcon.colcon_core.package_identification:_identify(/home/jacklenolee/LRAE_WS/src/LRAE-ROS2/scout_simulator) by extension 'ignore'
[0.318s] Level 1:colcon.colcon_core.package_identification:_identify(/home/jacklenolee/LRAE_WS/src/LRAE-ROS2/scout_simulator) by extension 'ignore_ament_install'
[0.318s] Level 1:colcon.colcon_core.package_identification:_identify(/home/jacklenolee/LRAE_WS/src/LRAE-ROS2/scout_simulator) by extensions ['colcon_pkg']
[0.318s] Level 1:colcon.colcon_core.package_identification:_identify(/home/jacklenolee/LRAE_WS/src/LRAE-ROS2/scout_simulator) by extension 'colcon_pkg'
[0.318s] Level 1:colcon.colcon_core.package_identification:_identify(/home/jacklenolee/LRAE_WS/src/LRAE-ROS2/scout_simulator) by extensions ['colcon_meta']
[0.318s] Level 1:colcon.colcon_core.package_identification:_identify(/home/jacklenolee/LRAE_WS/src/LRAE-ROS2/scout_simulator) by extension 'colcon_meta'
[0.318s] Level 1:colcon.colcon_core.package_identification:_identify(/home/jacklenolee/LRAE_WS/src/LRAE-ROS2/scout_simulator) by extensions ['ros']
[0.318s] Level 1:colcon.colcon_core.package_identification:_identify(/home/jacklenolee/LRAE_WS/src/LRAE-ROS2/scout_simulator) by extension 'ros'
[0.318s] Level 1:colcon.colcon_core.package_identification:_identify(/home/jacklenolee/LRAE_WS/src/LRAE-ROS2/scout_simulator) by extensions ['cmake', 'python']
[0.318s] Level 1:colcon.colcon_core.package_identification:_identify(/home/jacklenolee/LRAE_WS/src/LRAE-ROS2/scout_simulator) by extension 'cmake'
[0.319s] Level 1:colcon.colcon_core.package_identification:_identify(/home/jacklenolee/LRAE_WS/src/LRAE-ROS2/scout_simulator) by extension 'python'
[0.319s] Level 1:colcon.colcon_core.package_identification:_identify(/home/jacklenolee/LRAE_WS/src/LRAE-ROS2/scout_simulator) by extensions ['python_setup_py']
[0.319s] Level 1:colcon.colcon_core.package_identification:_identify(/home/jacklenolee/LRAE_WS/src/LRAE-ROS2/scout_simulator) by extension 'python_setup_py'
[0.319s] Level 1:colcon.colcon_core.package_identification:_identify(/home/jacklenolee/LRAE_WS/src/LRAE-ROS2/scout_simulator/image) by extensions ['ignore', 'ignore_ament_install']
[0.319s] Level 1:colcon.colcon_core.package_identification:_identify(/home/jacklenolee/LRAE_WS/src/LRAE-ROS2/scout_simulator/image) by extension 'ignore'
[0.319s] Level 1:colcon.colcon_core.package_identification:_identify(/home/jacklenolee/LRAE_WS/src/LRAE-ROS2/scout_simulator/image) by extension 'ignore_ament_install'
[0.319s] Level 1:colcon.colcon_core.package_identification:_identify(/home/jacklenolee/LRAE_WS/src/LRAE-ROS2/scout_simulator/image) by extensions ['colcon_pkg']
[0.319s] Level 1:colcon.colcon_core.package_identification:_identify(/home/jacklenolee/LRAE_WS/src/LRAE-ROS2/scout_simulator/image) by extension 'colcon_pkg'
[0.319s] Level 1:colcon.colcon_core.package_identification:_identify(/home/jacklenolee/LRAE_WS/src/LRAE-ROS2/scout_simulator/image) by extensions ['colcon_meta']
[0.319s] Level 1:colcon.colcon_core.package_identification:_identify(/home/jacklenolee/LRAE_WS/src/LRAE-ROS2/scout_simulator/image) by extension 'colcon_meta'
[0.319s] Level 1:colcon.colcon_core.package_identification:_identify(/home/jacklenolee/LRAE_WS/src/LRAE-ROS2/scout_simulator/image) by extensions ['ros']
[0.319s] Level 1:colcon.colcon_core.package_identification:_identify(/home/jacklenolee/LRAE_WS/src/LRAE-ROS2/scout_simulator/image) by extension 'ros'
[0.319s] Level 1:colcon.colcon_core.package_identification:_identify(/home/jacklenolee/LRAE_WS/src/LRAE-ROS2/scout_simulator/image) by extensions ['cmake', 'python']
[0.319s] Level 1:colcon.colcon_core.package_identification:_identify(/home/jacklenolee/LRAE_WS/src/LRAE-ROS2/scout_simulator/image) by extension 'cmake'
[0.319s] Level 1:colcon.colcon_core.package_identification:_identify(/home/jacklenolee/LRAE_WS/src/LRAE-ROS2/scout_simulator/image) by extension 'python'
[0.319s] Level 1:colcon.colcon_core.package_identification:_identify(/home/jacklenolee/LRAE_WS/src/LRAE-ROS2/scout_simulator/image) by extensions ['python_setup_py']
[0.319s] Level 1:colcon.colcon_core.package_identification:_identify(/home/jacklenolee/LRAE_WS/src/LRAE-ROS2/scout_simulator/image) by extension 'python_setup_py'
[0.319s] Level 1:colcon.colcon_core.package_identification:_identify(/home/jacklenolee/LRAE_WS/src/LRAE-ROS2/scout_simulator/scout_control) by extensions ['ignore', 'ignore_ament_install']
[0.320s] Level 1:colcon.colcon_core.package_identification:_identify(/home/jacklenolee/LRAE_WS/src/LRAE-ROS2/scout_simulator/scout_control) by extension 'ignore'
[0.320s] Level 1:colcon.colcon_core.package_identification:_identify(/home/jacklenolee/LRAE_WS/src/LRAE-ROS2/scout_simulator/scout_control) by extension 'ignore_ament_install'
[0.320s] Level 1:colcon.colcon_core.package_identification:_identify(/home/jacklenolee/LRAE_WS/src/LRAE-ROS2/scout_simulator/scout_control) by extensions ['colcon_pkg']
[0.320s] Level 1:colcon.colcon_core.package_identification:_identify(/home/jacklenolee/LRAE_WS/src/LRAE-ROS2/scout_simulator/scout_control) by extension 'colcon_pkg'
[0.320s] Level 1:colcon.colcon_core.package_identification:_identify(/home/jacklenolee/LRAE_WS/src/LRAE-ROS2/scout_simulator/scout_control) by extensions ['colcon_meta']
[0.320s] Level 1:colcon.colcon_core.package_identification:_identify(/home/jacklenolee/LRAE_WS/src/LRAE-ROS2/scout_simulator/scout_control) by extension 'colcon_meta'
[0.320s] Level 1:colcon.colcon_core.package_identification:_identify(/home/jacklenolee/LRAE_WS/src/LRAE-ROS2/scout_simulator/scout_control) by extensions ['ros']
[0.320s] Level 1:colcon.colcon_core.package_identification:_identify(/home/jacklenolee/LRAE_WS/src/LRAE-ROS2/scout_simulator/scout_control) by extension 'ros'
[0.321s] DEBUG:colcon.colcon_core.package_identification:Package '/home/jacklenolee/LRAE_WS/src/LRAE-ROS2/scout_simulator/scout_control' with type 'ros.catkin' and name 'scout_control'
[0.321s] Level 1:colcon.colcon_core.package_identification:_identify(/home/jacklenolee/LRAE_WS/src/LRAE-ROS2/scout_simulator/scout_description) by extensions ['ignore', 'ignore_ament_install']
[0.321s] Level 1:colcon.colcon_core.package_identification:_identify(/home/jacklenolee/LRAE_WS/src/LRAE-ROS2/scout_simulator/scout_description) by extension 'ignore'
[0.321s] Level 1:colcon.colcon_core.package_identification:_identify(/home/jacklenolee/LRAE_WS/src/LRAE-ROS2/scout_simulator/scout_description) by extension 'ignore_ament_install'
[0.321s] Level 1:colcon.colcon_core.package_identification:_identify(/home/jacklenolee/LRAE_WS/src/LRAE-ROS2/scout_simulator/scout_description) by extensions ['colcon_pkg']
[0.321s] Level 1:colcon.colcon_core.package_identification:_identify(/home/jacklenolee/LRAE_WS/src/LRAE-ROS2/scout_simulator/scout_description) by extension 'colcon_pkg'
[0.321s] Level 1:colcon.colcon_core.package_identification:_identify(/home/jacklenolee/LRAE_WS/src/LRAE-ROS2/scout_simulator/scout_description) by extensions ['colcon_meta']
[0.321s] Level 1:colcon.colcon_core.package_identification:_identify(/home/jacklenolee/LRAE_WS/src/LRAE-ROS2/scout_simulator/scout_description) by extension 'colcon_meta'
[0.321s] Level 1:colcon.colcon_core.package_identification:_identify(/home/jacklenolee/LRAE_WS/src/LRAE-ROS2/scout_simulator/scout_description) by extensions ['ros']
[0.321s] Level 1:colcon.colcon_core.package_identification:_identify(/home/jacklenolee/LRAE_WS/src/LRAE-ROS2/scout_simulator/scout_description) by extension 'ros'
[0.322s] DEBUG:colcon.colcon_core.package_identification:Package '/home/jacklenolee/LRAE_WS/src/LRAE-ROS2/scout_simulator/scout_description' with type 'ros.catkin' and name 'scout_description'
[0.322s] Level 1:colcon.colcon_core.package_identification:_identify(/home/jacklenolee/LRAE_WS/src/LRAE-ROS2/scout_simulator/scout_gazebo_sim) by extensions ['ignore', 'ignore_ament_install']
[0.322s] Level 1:colcon.colcon_core.package_identification:_identify(/home/jacklenolee/LRAE_WS/src/LRAE-ROS2/scout_simulator/scout_gazebo_sim) by extension 'ignore'
[0.322s] Level 1:colcon.colcon_core.package_identification:_identify(/home/jacklenolee/LRAE_WS/src/LRAE-ROS2/scout_simulator/scout_gazebo_sim) by extension 'ignore_ament_install'
[0.322s] Level 1:colcon.colcon_core.package_identification:_identify(/home/jacklenolee/LRAE_WS/src/LRAE-ROS2/scout_simulator/scout_gazebo_sim) by extensions ['colcon_pkg']
[0.322s] Level 1:colcon.colcon_core.package_identification:_identify(/home/jacklenolee/LRAE_WS/src/LRAE-ROS2/scout_simulator/scout_gazebo_sim) by extension 'colcon_pkg'
[0.322s] Level 1:colcon.colcon_core.package_identification:_identify(/home/jacklenolee/LRAE_WS/src/LRAE-ROS2/scout_simulator/scout_gazebo_sim) by extensions ['colcon_meta']
[0.322s] Level 1:colcon.colcon_core.package_identification:_identify(/home/jacklenolee/LRAE_WS/src/LRAE-ROS2/scout_simulator/scout_gazebo_sim) by extension 'colcon_meta'
[0.322s] Level 1:colcon.colcon_core.package_identification:_identify(/home/jacklenolee/LRAE_WS/src/LRAE-ROS2/scout_simulator/scout_gazebo_sim) by extensions ['ros']
[0.322s] Level 1:colcon.colcon_core.package_identification:_identify(/home/jacklenolee/LRAE_WS/src/LRAE-ROS2/scout_simulator/scout_gazebo_sim) by extension 'ros'
[0.323s] DEBUG:colcon.colcon_core.package_identification:Package '/home/jacklenolee/LRAE_WS/src/LRAE-ROS2/scout_simulator/scout_gazebo_sim' with type 'ros.catkin' and name 'scout_gazebo_sim'
[0.324s] Level 1:colcon.colcon_core.package_identification:_identify(/home/jacklenolee/LRAE_WS/src/LRAE-ROS2/sensor_conversion) by extensions ['ignore', 'ignore_ament_install']
[0.324s] Level 1:colcon.colcon_core.package_identification:_identify(/home/jacklenolee/LRAE_WS/src/LRAE-ROS2/sensor_conversion) by extension 'ignore'
[0.324s] Level 1:colcon.colcon_core.package_identification:_identify(/home/jacklenolee/LRAE_WS/src/LRAE-ROS2/sensor_conversion) by extension 'ignore_ament_install'
[0.324s] Level 1:colcon.colcon_core.package_identification:_identify(/home/jacklenolee/LRAE_WS/src/LRAE-ROS2/sensor_conversion) by extensions ['colcon_pkg']
[0.324s] Level 1:colcon.colcon_core.package_identification:_identify(/home/jacklenolee/LRAE_WS/src/LRAE-ROS2/sensor_conversion) by extension 'colcon_pkg'
[0.324s] Level 1:colcon.colcon_core.package_identification:_identify(/home/jacklenolee/LRAE_WS/src/LRAE-ROS2/sensor_conversion) by extensions ['colcon_meta']
[0.324s] Level 1:colcon.colcon_core.package_identification:_identify(/home/jacklenolee/LRAE_WS/src/LRAE-ROS2/sensor_conversion) by extension 'colcon_meta'
[0.324s] Level 1:colcon.colcon_core.package_identification:_identify(/home/jacklenolee/LRAE_WS/src/LRAE-ROS2/sensor_conversion) by extensions ['ros']
[0.324s] Level 1:colcon.colcon_core.package_identification:_identify(/home/jacklenolee/LRAE_WS/src/LRAE-ROS2/sensor_conversion) by extension 'ros'
[0.325s] DEBUG:colcon.colcon_core.package_identification:Failed to parse potential ROS package manifest in'/home/jacklenolee/LRAE_WS/src/LRAE-ROS2/sensor_conversion': Error(s) in package '/home/jacklenolee/LRAE_WS/src/LRAE-ROS2/sensor_conversion/package.xml':
Error(s):
- The generic dependency on 'rclcpp' is redundant with: exec_depend
- The generic dependency on 'rclcpp_components' is redundant with: exec_depend
- The generic dependency on 'geometry_msgs' is redundant with: exec_depend
- The generic dependency on 'message_filters' is redundant with: exec_depend
- The generic dependency on 'nav_msgs' is redundant with: exec_depend
- The generic dependency on 'pcl_ros' is redundant with: exec_depend
- The generic dependency on 'sensor_msgs' is redundant with: exec_depend
- The generic dependency on 'std_msgs' is redundant with: exec_depend
- The generic dependency on 'tf2' is redundant with: exec_depend
- The generic dependency on 'tf2_ros' is redundant with: exec_depend
- The generic dependency on 'tf2_geometry_msgs' is redundant with: exec_depend
[0.326s] Level 1:colcon.colcon_core.package_identification:_identify(/home/jacklenolee/LRAE_WS/src/LRAE-ROS2/sensor_conversion) by extensions ['cmake', 'python']
[0.326s] Level 1:colcon.colcon_core.package_identification:_identify(/home/jacklenolee/LRAE_WS/src/LRAE-ROS2/sensor_conversion) by extension 'cmake'
[0.327s] Level 1:colcon.colcon_core.package_identification:_identify(/home/jacklenolee/LRAE_WS/src/LRAE-ROS2/sensor_conversion) by extension 'python'
[0.328s] DEBUG:colcon.colcon_core.package_identification:Package '/home/jacklenolee/LRAE_WS/src/LRAE-ROS2/sensor_conversion' with type 'cmake' and name 'sensor_conversion'
[0.328s] Level 1:colcon.colcon_core.package_identification:_identify(/home/jacklenolee/LRAE_WS/src/LRAE-ROS2/simworld) by extensions ['ignore', 'ignore_ament_install']
[0.328s] Level 1:colcon.colcon_core.package_identification:_identify(/home/jacklenolee/LRAE_WS/src/LRAE-ROS2/simworld) by extension 'ignore'
[0.328s] Level 1:colcon.colcon_core.package_identification:_identify(/home/jacklenolee/LRAE_WS/src/LRAE-ROS2/simworld) by extension 'ignore_ament_install'
[0.328s] Level 1:colcon.colcon_core.package_identification:_identify(/home/jacklenolee/LRAE_WS/src/LRAE-ROS2/simworld) by extensions ['colcon_pkg']
[0.329s] Level 1:colcon.colcon_core.package_identification:_identify(/home/jacklenolee/LRAE_WS/src/LRAE-ROS2/simworld) by extension 'colcon_pkg'
[0.329s] Level 1:colcon.colcon_core.package_identification:_identify(/home/jacklenolee/LRAE_WS/src/LRAE-ROS2/simworld) by extensions ['colcon_meta']
[0.329s] Level 1:colcon.colcon_core.package_identification:_identify(/home/jacklenolee/LRAE_WS/src/LRAE-ROS2/simworld) by extension 'colcon_meta'
[0.329s] Level 1:colcon.colcon_core.package_identification:_identify(/home/jacklenolee/LRAE_WS/src/LRAE-ROS2/simworld) by extensions ['ros']
[0.329s] Level 1:colcon.colcon_core.package_identification:_identify(/home/jacklenolee/LRAE_WS/src/LRAE-ROS2/simworld) by extension 'ros'
[0.330s] DEBUG:colcon.colcon_core.package_identification:Package '/home/jacklenolee/LRAE_WS/src/LRAE-ROS2/simworld' with type 'ros.catkin' and name 'simworld'
[0.330s] Level 1:colcon.colcon_core.package_discovery:discover_packages(recursive) using defaults
