[0.017s] Invoking command in '/home/jacklenolee/LRAE_WS/build/sensor_conversion': /usr/bin/cmake /home/jacklenolee/LRAE_WS/src/LRAE-ROS2/sensor_conversion -DCMAKE_INSTALL_PREFIX=/home/jacklenolee/LRAE_WS/install/sensor_conversion
[0.034s] -- Found ament_cmake: 1.3.11 (/opt/ros/humble/share/ament_cmake/cmake)
[0.176s] -- Found message_filters: 4.3.5 (/opt/ros/humble/share/message_filters/cmake)
[0.208s] -- Found rosidl_generator_c: 3.1.6 (/opt/ros/humble/share/rosidl_generator_c/cmake)
[0.213s] -- Found rosidl_adapter: 3.1.6 (/opt/ros/humble/share/rosidl_adapter/cmake)
[0.217s] -- Found rosidl_generator_cpp: 3.1.6 (/opt/ros/humble/share/rosidl_generator_cpp/cmake)
[0.226s] -- Using all available rosidl_typesupport_c: rosidl_typesupport_fastrtps_c;rosidl_typesupport_introspection_c
[0.239s] -- Using all available rosidl_typesupport_cpp: rosidl_typesupport_fastrtps_cpp;rosidl_typesupport_introspection_cpp
[0.274s] -- Found rmw_implementation_cmake: 6.1.2 (/opt/ros/humble/share/rmw_implementation_cmake/cmake)
[0.276s] -- Found rmw_fastrtps_cpp: 6.2.7 (/opt/ros/humble/share/rmw_fastrtps_cpp/cmake)
[0.395s] -- Using RMW implementation 'rmw_fastrtps_cpp' as default
[0.447s] -- Found geometry_msgs: 4.2.4 (/opt/ros/humble/share/geometry_msgs/cmake)
[0.460s] -- Found nav_msgs: 4.2.4 (/opt/ros/humble/share/nav_msgs/cmake)
[0.478s] -- Found pcl_ros: 2.4.5 (/opt/ros/humble/share/pcl_ros/cmake)
[0.582s] -- Checking for module 'eigen3'
[0.610s] --   Found eigen3, version 3.4.0
[0.681s] -- Found Eigen: /usr/include/eigen3 (Required is at least version "3.1") 
[0.681s] -- Eigen found (include: /usr/include/eigen3, version: 3.4.0)
[0.750s] -- Checking for module 'flann'
[0.775s] --   Found flann, version 1.9.1
[0.849s] -- Found FLANN: /usr/lib/x86_64-linux-gnu/libflann_cpp.so  
[0.849s] -- FLANN found (include: /usr/include, lib: /usr/lib/x86_64-linux-gnu/libflann_cpp.so)
[2.398s] -- Checking for module 'libusb-1.0'
[2.424s] --   Found libusb-1.0, version 1.0.25
[2.497s] -- Found libusb: /usr/lib/x86_64-linux-gnu/libusb-1.0.so  
[2.501s] -- OpenNI found (version: 1.5.4.0, include: /usr/include/ni, lib: /usr/lib/libOpenNI.so;libusb::libusb)
[2.620s] -- OpenNI2 found (version: 2.2.0.33, include: /usr/include/openni2, lib: /usr/lib/x86_64-linux-gnu/libOpenNI2.so;libusb::libusb)
[2.788s] -- Eigen found (include: /usr/include/eigen3, version: 3.4.0)
[2.797s] -- OpenNI found (version: 1.5.4.0, include: /usr/include/ni, lib: /usr/lib/libOpenNI.so;libusb::libusb)
[2.808s] -- OpenNI2 found (version: 2.2.0.33, include: /usr/include/openni2, lib: /usr/lib/x86_64-linux-gnu/libOpenNI2.so;libusb::libusb)
[2.979s] -- Found Qhull version 8.0.2
[3.150s] -- OpenNI found (version: 1.5.4.0, include: /usr/include/ni, lib: /usr/lib/libOpenNI.so;libusb::libusb)
[3.325s] -- Found PCL_COMMON: /usr/lib/x86_64-linux-gnu/libpcl_common.so  
[3.326s] -- Found PCL_KDTREE: /usr/lib/x86_64-linux-gnu/libpcl_kdtree.so  
[3.327s] -- Found PCL_OCTREE: /usr/lib/x86_64-linux-gnu/libpcl_octree.so  
[3.327s] -- Found PCL_SEARCH: /usr/lib/x86_64-linux-gnu/libpcl_search.so  
[3.328s] -- Found PCL_SAMPLE_CONSENSUS: /usr/lib/x86_64-linux-gnu/libpcl_sample_consensus.so  
[3.329s] -- Found PCL_FILTERS: /usr/lib/x86_64-linux-gnu/libpcl_filters.so  
[3.330s] -- Found PCL_2D: /usr/include/pcl-1.12  
[3.330s] -- Found PCL_GEOMETRY: /usr/include/pcl-1.12  
[3.331s] -- Found PCL_IO: /usr/lib/x86_64-linux-gnu/libpcl_io.so  
[3.333s] -- Found PCL_FEATURES: /usr/lib/x86_64-linux-gnu/libpcl_features.so  
[3.335s] -- Found PCL_ML: /usr/lib/x86_64-linux-gnu/libpcl_ml.so  
[3.336s] -- Found PCL_SEGMENTATION: /usr/lib/x86_64-linux-gnu/libpcl_segmentation.so  
[3.337s] -- Found PCL_VISUALIZATION: /usr/lib/x86_64-linux-gnu/libpcl_visualization.so  
[3.338s] -- Found PCL_SURFACE: /usr/lib/x86_64-linux-gnu/libpcl_surface.so  
[3.340s] -- Found PCL_REGISTRATION: /usr/lib/x86_64-linux-gnu/libpcl_registration.so  
[3.340s] -- Found PCL_KEYPOINTS: /usr/lib/x86_64-linux-gnu/libpcl_keypoints.so  
[3.341s] -- Found PCL_TRACKING: /usr/lib/x86_64-linux-gnu/libpcl_tracking.so  
[3.342s] -- Found PCL_RECOGNITION: /usr/lib/x86_64-linux-gnu/libpcl_recognition.so  
[3.343s] -- Found PCL_STEREO: /usr/lib/x86_64-linux-gnu/libpcl_stereo.so  
[3.344s] -- Found PCL_APPS: /usr/lib/x86_64-linux-gnu/libpcl_apps.so  
[3.345s] -- Found PCL_IN_HAND_SCANNER: /usr/include/pcl-1.12  
[3.345s] -- Found PCL_MODELER: /usr/include/pcl-1.12  
[3.346s] -- Found PCL_POINT_CLOUD_EDITOR: /usr/include/pcl-1.12  
[3.347s] -- Found PCL_OUTOFCORE: /usr/lib/x86_64-linux-gnu/libpcl_outofcore.so  
[3.348s] -- Found PCL_PEOPLE: /usr/lib/x86_64-linux-gnu/libpcl_people.so  
[3.400s] -- Found eigen3_cmake_module: 0.1.1 (/opt/ros/humble/share/eigen3_cmake_module/cmake)
[3.407s] -- Found Eigen3: TRUE (found version "3.4.0") 
[3.407s] -- Ensuring Eigen3 include directory is part of orocos-kdl CMake target
[3.627s] Error parsing '/home/jacklenolee/LRAE_WS/src/LRAE-ROS2/sensor_conversion/package.xml':
[3.678s] Traceback (most recent call last):
[3.678s]   File "/opt/ros/humble/share/ament_cmake_core/cmake/core/package_xml_2_cmake.py", line 150, in <module>
[3.678s]     main()
[3.678s]   File "/opt/ros/humble/share/ament_cmake_core/cmake/core/package_xml_2_cmake.py", line 53, in main
[3.678s]     raise e
[3.678s]   File "/opt/ros/humble/share/ament_cmake_core/cmake/core/package_xml_2_cmake.py", line 49, in main
[3.678s]     package = parse_package_string(
[3.678s]   File "/usr/lib/python3/dist-packages/catkin_pkg/package.py", line 786, in parse_package_string
[3.680s]     raise InvalidPackage('Error(s):%s' % (''.join(['\n- %s' % e for e in errors])), filename)
[3.680s] catkin_pkg.package.InvalidPackage: Error(s) in package '/home/jacklenolee/LRAE_WS/src/LRAE-ROS2/sensor_conversion/package.xml':
[3.680s] Error(s):
[3.680s] - The generic dependency on 'rclcpp' is redundant with: exec_depend
[3.681s] - The generic dependency on 'rclcpp_components' is redundant with: exec_depend
[3.681s] - The generic dependency on 'geometry_msgs' is redundant with: exec_depend
[3.681s] - The generic dependency on 'message_filters' is redundant with: exec_depend
[3.681s] - The generic dependency on 'nav_msgs' is redundant with: exec_depend
[3.681s] - The generic dependency on 'pcl_ros' is redundant with: exec_depend
[3.681s] - The generic dependency on 'sensor_msgs' is redundant with: exec_depend
[3.681s] - The generic dependency on 'std_msgs' is redundant with: exec_depend
[3.681s] - The generic dependency on 'tf2' is redundant with: exec_depend
[3.681s] - The generic dependency on 'tf2_ros' is redundant with: exec_depend
[3.681s] - The generic dependency on 'tf2_geometry_msgs' is redundant with: exec_depend
[3.701s] -- Configuring incomplete, errors occurred!
[3.701s] See also "/home/jacklenolee/LRAE_WS/build/sensor_conversion/CMakeFiles/CMakeOutput.log".
[3.702s] [31mCMake Error at /opt/ros/humble/share/ament_cmake_core/cmake/core/ament_package_xml.cmake:95 (message):
[3.702s]   execute_process(/usr/bin/python3
[3.702s]   /opt/ros/humble/share/ament_cmake_core/cmake/core/package_xml_2_cmake.py
[3.702s]   /home/jacklenolee/LRAE_WS/src/LRAE-ROS2/sensor_conversion/package.xml
[3.702s]   /home/jacklenolee/LRAE_WS/build/sensor_conversion/ament_cmake_core/package.cmake)
[3.702s]   returned error code 1
[3.702s] Call Stack (most recent call first):
[3.702s]   /opt/ros/humble/share/ament_cmake_core/cmake/core/ament_package_xml.cmake:49 (_ament_package_xml)
[3.702s]   /opt/ros/humble/share/ament_cmake_core/cmake/core/ament_package.cmake:63 (ament_package_xml)
[3.702s]   CMakeLists.txt:65 (ament_package)
[3.702s] 
[3.702s] [0m
[3.725s] Invoked command in '/home/jacklenolee/LRAE_WS/build/sensor_conversion' returned '1': /usr/bin/cmake /home/jacklenolee/LRAE_WS/src/LRAE-ROS2/sensor_conversion -DCMAKE_INSTALL_PREFIX=/home/jacklenolee/LRAE_WS/install/sensor_conversion
